<?xml version="1.0" encoding="UTF-8"?>
<testsuite name="org.fuse.client.model.AssetReportTest" tests="6" skipped="0" failures="0" errors="0" timestamp="2024-02-23T12:04:19" hostname="Mac-1708688289627.local" time="0.002">
  <properties/>
  <testcase name="daysRequestedTest()" classname="org.fuse.client.model.AssetReportTest" time="0.001"/>
  <testcase name="assetReportIdTest()" classname="org.fuse.client.model.AssetReportTest" time="0.0"/>
  <testcase name="assetReportTokenTest()" classname="org.fuse.client.model.AssetReportTest" time="0.0"/>
  <testcase name="testAssetReport()" classname="org.fuse.client.model.AssetReportTest" time="0.0"/>
  <testcase name="accountsTest()" classname="org.fuse.client.model.AssetReportTest" time="0.0"/>
  <testcase name="dateGeneratedTest()" classname="org.fuse.client.model.AssetReportTest" time="0.0"/>
  <system-out><![CDATA[]]></system-out>
  <system-err><![CDATA[]]></system-err>
</testsuite>
