<?xml version="1.0" encoding="UTF-8"?>
<testsuite name="org.fuse.client.model.AssetReportAccountsInnerHistoricalBalancesInnerTest" tests="4" skipped="0" failures="0" errors="0" timestamp="2023-09-12T14:49:07" hostname="Mac-1694529973771.local" time="0.002">
  <properties/>
  <testcase name="isoCurrencyCodeTest()" classname="org.fuse.client.model.AssetReportAccountsInnerHistoricalBalancesInnerTest" time="0.0"/>
  <testcase name="testAssetReportAccountsInnerHistoricalBalancesInner()" classname="org.fuse.client.model.AssetReportAccountsInnerHistoricalBalancesInnerTest" time="0.0"/>
  <testcase name="currentTest()" classname="org.fuse.client.model.AssetReportAccountsInnerHistoricalBalancesInnerTest" time="0.0"/>
  <testcase name="dateTest()" classname="org.fuse.client.model.AssetReportAccountsInnerHistoricalBalancesInnerTest" time="0.0"/>
  <system-out><![CDATA[]]></system-out>
  <system-err><![CDATA[]]></system-err>
</testsuite>
