<?xml version="1.0" encoding="UTF-8"?>
<testsuite name="org.fuse.client.model.GetInvestmentHoldingsRequestTest" tests="3" skipped="0" failures="0" errors="0" timestamp="2023-09-12T14:49:05" hostname="Mac-1694529973771.local" time="0.007">
  <properties/>
  <testcase name="accessTokenTest()" classname="org.fuse.client.model.GetInvestmentHoldingsRequestTest" time="0.001"/>
  <testcase name="testGetInvestmentHoldingsRequest()" classname="org.fuse.client.model.GetInvestmentHoldingsRequestTest" time="0.0"/>
  <testcase name="optionsTest()" classname="org.fuse.client.model.GetInvestmentHoldingsRequestTest" time="0.004"/>
  <system-out><![CDATA[]]></system-out>
  <system-err><![CDATA[]]></system-err>
</testsuite>
