<?xml version="1.0" encoding="UTF-8"?>
<testsuite name="org.fuse.client.model.DeleteFinancialConnectionResponseTest" tests="4" skipped="0" failures="0" errors="0" timestamp="2023-09-12T15:14:23" hostname="Mac-1694531526087.local" time="0.004">
  <properties/>
  <testcase name="financialConnectionIdTest()" classname="org.fuse.client.model.DeleteFinancialConnectionResponseTest" time="0.0"/>
  <testcase name="accessTokenTest()" classname="org.fuse.client.model.DeleteFinancialConnectionResponseTest" time="0.0"/>
  <testcase name="requestIdTest()" classname="org.fuse.client.model.DeleteFinancialConnectionResponseTest" time="0.001"/>
  <testcase name="testDeleteFinancialConnectionResponse()" classname="org.fuse.client.model.DeleteFinancialConnectionResponseTest" time="0.002"/>
  <system-out><![CDATA[]]></system-out>
  <system-err><![CDATA[]]></system-err>
</testsuite>
