<?xml version="1.0" encoding="UTF-8"?>
<testsuite name="org.openapitools.client.model.FinancialConnectionsOwnerAddressesInnerDataTest" tests="7" skipped="0" failures="0" errors="0" timestamp="2023-09-10T13:19:51" hostname="Mac-1694351685470.local" time="0.005">
  <properties/>
  <testcase name="regionTest()" classname="org.openapitools.client.model.FinancialConnectionsOwnerAddressesInnerDataTest" time="0.001"/>
  <testcase name="countryTest()" classname="org.openapitools.client.model.FinancialConnectionsOwnerAddressesInnerDataTest" time="0.0"/>
  <testcase name="cityTest()" classname="org.openapitools.client.model.FinancialConnectionsOwnerAddressesInnerDataTest" time="0.0"/>
  <testcase name="streetTest()" classname="org.openapitools.client.model.FinancialConnectionsOwnerAddressesInnerDataTest" time="0.0"/>
  <testcase name="fullAddressTest()" classname="org.openapitools.client.model.FinancialConnectionsOwnerAddressesInnerDataTest" time="0.002"/>
  <testcase name="postalCodeTest()" classname="org.openapitools.client.model.FinancialConnectionsOwnerAddressesInnerDataTest" time="0.0"/>
  <testcase name="testFinancialConnectionsOwnerAddressesInnerData()" classname="org.openapitools.client.model.FinancialConnectionsOwnerAddressesInnerDataTest" time="0.001"/>
  <system-out><![CDATA[]]></system-out>
  <system-err><![CDATA[]]></system-err>
</testsuite>
