<?xml version="1.0" encoding="UTF-8"?>
<testsuite name="org.openapitools.client.model.MigrateFinancialConnectionsTokenRequestTest" tests="5" skipped="0" failures="0" errors="0" timestamp="2023-09-10T13:26:46" hostname="Mac-1694350014854.local" time="0.002">
  <properties/>
  <testcase name="entityTest()" classname="org.openapitools.client.model.MigrateFinancialConnectionsTokenRequestTest" time="0.001"/>
  <testcase name="fuseProductsTest()" classname="org.openapitools.client.model.MigrateFinancialConnectionsTokenRequestTest" time="0.0"/>
  <testcase name="aggregatorTest()" classname="org.openapitools.client.model.MigrateFinancialConnectionsTokenRequestTest" time="0.0"/>
  <testcase name="testMigrateFinancialConnectionsTokenRequest()" classname="org.openapitools.client.model.MigrateFinancialConnectionsTokenRequestTest" time="0.0"/>
  <testcase name="connectionDataTest()" classname="org.openapitools.client.model.MigrateFinancialConnectionsTokenRequestTest" time="0.0"/>
  <system-out><![CDATA[]]></system-out>
  <system-err><![CDATA[]]></system-err>
</testsuite>
