<?xml version="1.0" encoding="UTF-8"?>
<testsuite name="org.openapitools.client.model.FinancialInstitutionTest" tests="6" skipped="0" failures="0" errors="0" timestamp="2023-09-10T13:26:46" hostname="Mac-1694350014854.local" time="0.01">
  <properties/>
  <testcase name="websiteTest()" classname="org.openapitools.client.model.FinancialInstitutionTest" time="0.0"/>
  <testcase name="idTest()" classname="org.openapitools.client.model.FinancialInstitutionTest" time="0.0"/>
  <testcase name="testFinancialInstitution()" classname="org.openapitools.client.model.FinancialInstitutionTest" time="0.0"/>
  <testcase name="countryCodesTest()" classname="org.openapitools.client.model.FinancialInstitutionTest" time="0.0"/>
  <testcase name="nameTest()" classname="org.openapitools.client.model.FinancialInstitutionTest" time="0.0"/>
  <testcase name="logoTest()" classname="org.openapitools.client.model.FinancialInstitutionTest" time="0.0"/>
  <system-out><![CDATA[]]></system-out>
  <system-err><![CDATA[]]></system-err>
</testsuite>
