<?xml version="1.0" encoding="UTF-8"?>
<testsuite name="org.openapitools.client.model.FinancialConnectionsAccountDetailsAchTest" tests="5" skipped="0" failures="0" errors="0" timestamp="2023-09-10T13:19:51" hostname="Mac-1694351685470.local" time="0.002">
  <properties/>
  <testcase name="routingTest()" classname="org.openapitools.client.model.FinancialConnectionsAccountDetailsAchTest" time="0.001"/>
  <testcase name="wireRoutingTest()" classname="org.openapitools.client.model.FinancialConnectionsAccountDetailsAchTest" time="0.0"/>
  <testcase name="bacsRoutingTest()" classname="org.openapitools.client.model.FinancialConnectionsAccountDetailsAchTest" time="0.0"/>
  <testcase name="testFinancialConnectionsAccountDetailsAch()" classname="org.openapitools.client.model.FinancialConnectionsAccountDetailsAchTest" time="0.0"/>
  <testcase name="accountTest()" classname="org.openapitools.client.model.FinancialConnectionsAccountDetailsAchTest" time="0.0"/>
  <system-out><![CDATA[]]></system-out>
  <system-err><![CDATA[]]></system-err>
</testsuite>
