<?xml version="1.0" encoding="UTF-8"?>
<testsuite name="org.fuse.client.model.AggregatorTest" tests="1" skipped="0" failures="0" errors="0" timestamp="2023-09-12T14:49:06" hostname="Mac-1694529973771.local" time="0.001">
  <properties/>
  <testcase name="testAggregator()" classname="org.fuse.client.model.AggregatorTest" time="0.001"/>
  <system-out><![CDATA[]]></system-out>
  <system-err><![CDATA[]]></system-err>
</testsuite>
