<?xml version="1.0" encoding="UTF-8"?>
<testsuite name="org.fuse.client.model.ConsumerRiskReportCustomizationTest" tests="6" skipped="0" failures="0" errors="0" timestamp="2023-09-12T15:14:23" hostname="Mac-1694531526087.local" time="0.002">
  <properties/>
  <testcase name="idTest()" classname="org.fuse.client.model.ConsumerRiskReportCustomizationTest" time="0.0"/>
  <testcase name="riskToleranceTest()" classname="org.fuse.client.model.ConsumerRiskReportCustomizationTest" time="0.0"/>
  <testcase name="testConsumerRiskReportCustomization()" classname="org.fuse.client.model.ConsumerRiskReportCustomizationTest" time="0.0"/>
  <testcase name="maxLimitTest()" classname="org.fuse.client.model.ConsumerRiskReportCustomizationTest" time="0.0"/>
  <testcase name="timeframeTest()" classname="org.fuse.client.model.ConsumerRiskReportCustomizationTest" time="0.0"/>
  <testcase name="minLimitTest()" classname="org.fuse.client.model.ConsumerRiskReportCustomizationTest" time="0.0"/>
  <system-out><![CDATA[]]></system-out>
  <system-err><![CDATA[]]></system-err>
</testsuite>
