<?xml version="1.0" encoding="UTF-8"?>
<testsuite name="org.fuse.client.model.FinancialConnectionsAccountLiabilityAllOfAprsTest" tests="3" skipped="0" failures="0" errors="0" timestamp="2023-09-12T14:49:06" hostname="Mac-1694529973771.local" time="0.025">
  <properties/>
  <testcase name="aprPercentageTest()" classname="org.fuse.client.model.FinancialConnectionsAccountLiabilityAllOfAprsTest" time="0.001"/>
  <testcase name="aprTypeTest()" classname="org.fuse.client.model.FinancialConnectionsAccountLiabilityAllOfAprsTest" time="0.004"/>
  <testcase name="testFinancialConnectionsAccountLiabilityAllOfAprs()" classname="org.fuse.client.model.FinancialConnectionsAccountLiabilityAllOfAprsTest" time="0.019"/>
  <system-out><![CDATA[]]></system-out>
  <system-err><![CDATA[]]></system-err>
</testsuite>
