<?xml version="1.0" encoding="UTF-8"?>
<testsuite name="org.openapitools.client.model.FinancialConnectionsOwnerTest" tests="5" skipped="0" failures="0" errors="0" timestamp="2023-09-10T13:26:46" hostname="Mac-1694350014854.local" time="0.013">
  <properties/>
  <testcase name="testFinancialConnectionsOwner()" classname="org.openapitools.client.model.FinancialConnectionsOwnerTest" time="0.0"/>
  <testcase name="addressesTest()" classname="org.openapitools.client.model.FinancialConnectionsOwnerTest" time="0.0"/>
  <testcase name="phoneNumbersTest()" classname="org.openapitools.client.model.FinancialConnectionsOwnerTest" time="0.0"/>
  <testcase name="namesTest()" classname="org.openapitools.client.model.FinancialConnectionsOwnerTest" time="0.0"/>
  <testcase name="emailsTest()" classname="org.openapitools.client.model.FinancialConnectionsOwnerTest" time="0.001"/>
  <system-out><![CDATA[]]></system-out>
  <system-err><![CDATA[]]></system-err>
</testsuite>
