<?xml version="1.0" encoding="UTF-8"?>
<testsuite name="org.fuse.client.model.MigrateFinancialConnectionsAggregatorConnectionDataTest" tests="4" skipped="0" failures="0" errors="0" timestamp="2023-09-12T15:14:23" hostname="Mac-1694531526087.local" time="0.001">
  <properties/>
  <testcase name="mxTest()" classname="org.fuse.client.model.MigrateFinancialConnectionsAggregatorConnectionDataTest" time="0.0"/>
  <testcase name="testMigrateFinancialConnectionsAggregatorConnectionData()" classname="org.fuse.client.model.MigrateFinancialConnectionsAggregatorConnectionDataTest" time="0.001"/>
  <testcase name="tellerTest()" classname="org.fuse.client.model.MigrateFinancialConnectionsAggregatorConnectionDataTest" time="0.0"/>
  <testcase name="plaidTest()" classname="org.fuse.client.model.MigrateFinancialConnectionsAggregatorConnectionDataTest" time="0.0"/>
  <system-out><![CDATA[]]></system-out>
  <system-err><![CDATA[]]></system-err>
</testsuite>
