<?xml version="1.0" encoding="UTF-8"?>
<testsuite name="org.openapitools.client.model.RefreshAssetReportResponseTest" tests="4" skipped="0" failures="0" errors="0" timestamp="2023-09-10T13:19:51" hostname="Mac-1694351685470.local" time="0.002">
  <properties/>
  <testcase name="testRefreshAssetReportResponse()" classname="org.openapitools.client.model.RefreshAssetReportResponseTest" time="0.001"/>
  <testcase name="assetReportIdTest()" classname="org.openapitools.client.model.RefreshAssetReportResponseTest" time="0.0"/>
  <testcase name="assetReportTokenTest()" classname="org.openapitools.client.model.RefreshAssetReportResponseTest" time="0.0"/>
  <testcase name="requestIdTest()" classname="org.openapitools.client.model.RefreshAssetReportResponseTest" time="0.001"/>
  <system-out><![CDATA[]]></system-out>
  <system-err><![CDATA[]]></system-err>
</testsuite>
