<?xml version="1.0" encoding="UTF-8"?>
<testsuite name="org.openapitools.client.model.DeleteFinancialConnectionResponseTest" tests="4" skipped="0" failures="0" errors="0" timestamp="2023-09-10T13:19:51" hostname="Mac-1694351685470.local" time="0.005">
  <properties/>
  <testcase name="financialConnectionIdTest()" classname="org.openapitools.client.model.DeleteFinancialConnectionResponseTest" time="0.001"/>
  <testcase name="accessTokenTest()" classname="org.openapitools.client.model.DeleteFinancialConnectionResponseTest" time="0.003"/>
  <testcase name="requestIdTest()" classname="org.openapitools.client.model.DeleteFinancialConnectionResponseTest" time="0.001"/>
  <testcase name="testDeleteFinancialConnectionResponse()" classname="org.openapitools.client.model.DeleteFinancialConnectionResponseTest" time="0.0"/>
  <system-out><![CDATA[]]></system-out>
  <system-err><![CDATA[]]></system-err>
</testsuite>
