<?xml version="1.0" encoding="UTF-8"?>
<testsuite name="org.fuse.client.model.FinancialConnectionsAccountBalanceTest" tests="6" skipped="0" failures="0" errors="0" timestamp="2023-09-12T15:27:34" hostname="Adibs-MacBook-Pro-2.local" time="0.001">
  <properties/>
  <testcase name="lastUpdatedDateTest()" classname="org.fuse.client.model.FinancialConnectionsAccountBalanceTest" time="0.0"/>
  <testcase name="isoCurrencyCodeTest()" classname="org.fuse.client.model.FinancialConnectionsAccountBalanceTest" time="0.0"/>
  <testcase name="testFinancialConnectionsAccountBalance()" classname="org.fuse.client.model.FinancialConnectionsAccountBalanceTest" time="0.0"/>
  <testcase name="remoteAccountIdTest()" classname="org.fuse.client.model.FinancialConnectionsAccountBalanceTest" time="0.0"/>
  <testcase name="currentTest()" classname="org.fuse.client.model.FinancialConnectionsAccountBalanceTest" time="0.0"/>
  <testcase name="availableTest()" classname="org.fuse.client.model.FinancialConnectionsAccountBalanceTest" time="0.001"/>
  <system-out><![CDATA[]]></system-out>
  <system-err><![CDATA[]]></system-err>
</testsuite>
