<?xml version="1.0" encoding="UTF-8"?>
<testsuite name="org.openapitools.client.model.AssetReportAccountsInnerBalanceTest" tests="4" skipped="0" failures="0" errors="0" timestamp="2023-09-10T13:26:46" hostname="Mac-1694350014854.local" time="0.001">
  <properties/>
  <testcase name="testAssetReportAccountsInnerBalance()" classname="org.openapitools.client.model.AssetReportAccountsInnerBalanceTest" time="0.0"/>
  <testcase name="isoCurrencyCodeTest()" classname="org.openapitools.client.model.AssetReportAccountsInnerBalanceTest" time="0.0"/>
  <testcase name="currentTest()" classname="org.openapitools.client.model.AssetReportAccountsInnerBalanceTest" time="0.001"/>
  <testcase name="availableTest()" classname="org.openapitools.client.model.AssetReportAccountsInnerBalanceTest" time="0.0"/>
  <system-out><![CDATA[]]></system-out>
  <system-err><![CDATA[]]></system-err>
</testsuite>
