<?xml version="1.0" encoding="UTF-8"?>
<testsuite name="org.fuse.client.model.CreateLinkTokenRequestTellerConfigTest" tests="3" skipped="0" failures="0" errors="0" timestamp="2023-09-12T15:14:23" hostname="Mac-1694531526087.local" time="0.002">
  <properties/>
  <testcase name="selectAccountTest()" classname="org.fuse.client.model.CreateLinkTokenRequestTellerConfigTest" time="0.0"/>
  <testcase name="testCreateLinkTokenRequestTellerConfig()" classname="org.fuse.client.model.CreateLinkTokenRequestTellerConfigTest" time="0.001"/>
  <testcase name="accountFilterTest()" classname="org.fuse.client.model.CreateLinkTokenRequestTellerConfigTest" time="0.001"/>
  <system-out><![CDATA[]]></system-out>
  <system-err><![CDATA[]]></system-err>
</testsuite>
