<?xml version="1.0" encoding="UTF-8"?>
<testsuite name="org.openapitools.client.model.GetFinancialConnectionsAccountsRequestTest" tests="2" skipped="0" failures="0" errors="0" timestamp="2023-09-10T13:26:46" hostname="Mac-1694350014854.local" time="0.0">
  <properties/>
  <testcase name="testGetFinancialConnectionsAccountsRequest()" classname="org.openapitools.client.model.GetFinancialConnectionsAccountsRequestTest" time="0.0"/>
  <testcase name="accessTokenTest()" classname="org.openapitools.client.model.GetFinancialConnectionsAccountsRequestTest" time="0.0"/>
  <system-out><![CDATA[]]></system-out>
  <system-err><![CDATA[]]></system-err>
</testsuite>
