<?xml version="1.0" encoding="UTF-8"?>
<testsuite name="org.fuse.client.model.GetFinanceScoreResponseTest" tests="3" skipped="0" failures="0" errors="0" timestamp="2023-09-12T14:49:06" hostname="Mac-1694529973771.local" time="0.008">
  <properties/>
  <testcase name="testGetFinanceScoreResponse()" classname="org.fuse.client.model.GetFinanceScoreResponseTest" time="0.001"/>
  <testcase name="requestIdTest()" classname="org.fuse.client.model.GetFinanceScoreResponseTest" time="0.0"/>
  <testcase name="financeScoreTest()" classname="org.fuse.client.model.GetFinanceScoreResponseTest" time="0.001"/>
  <system-out><![CDATA[]]></system-out>
  <system-err><![CDATA[]]></system-err>
</testsuite>
