<?xml version="1.0" encoding="UTF-8"?>
<testsuite name="org.openapitools.client.model.CreateSessionRequestTest" tests="7" skipped="0" failures="0" errors="0" timestamp="2023-09-10T13:19:50" hostname="Mac-1694351685470.local" time="0.008">
  <properties/>
  <testcase name="entityTest()" classname="org.openapitools.client.model.CreateSessionRequestTest" time="0.0"/>
  <testcase name="accessTokenTest()" classname="org.openapitools.client.model.CreateSessionRequestTest" time="0.0"/>
  <testcase name="supportedFinancialInstitutionAggregatorsTest()" classname="org.openapitools.client.model.CreateSessionRequestTest" time="0.0"/>
  <testcase name="testCreateSessionRequest()" classname="org.openapitools.client.model.CreateSessionRequestTest" time="0.001"/>
  <testcase name="productsTest()" classname="org.openapitools.client.model.CreateSessionRequestTest" time="0.001"/>
  <testcase name="isWebViewTest()" classname="org.openapitools.client.model.CreateSessionRequestTest" time="0.0"/>
  <testcase name="countryCodesTest()" classname="org.openapitools.client.model.CreateSessionRequestTest" time="0.0"/>
  <system-out><![CDATA[]]></system-out>
  <system-err><![CDATA[]]></system-err>
</testsuite>
