<?xml version="1.0" encoding="UTF-8"?>
<testsuite name="org.fuse.client.model.ExchangeFinancialConnectionsPublicTokenResponseTest" tests="6" skipped="0" failures="0" errors="0" timestamp="2023-09-12T14:49:07" hostname="Mac-1694529973771.local" time="0.002">
  <properties/>
  <testcase name="institutionTest()" classname="org.fuse.client.model.ExchangeFinancialConnectionsPublicTokenResponseTest" time="0.0"/>
  <testcase name="financialConnectionIdTest()" classname="org.fuse.client.model.ExchangeFinancialConnectionsPublicTokenResponseTest" time="0.001"/>
  <testcase name="accessTokenTest()" classname="org.fuse.client.model.ExchangeFinancialConnectionsPublicTokenResponseTest" time="0.0"/>
  <testcase name="aggregatorTest()" classname="org.fuse.client.model.ExchangeFinancialConnectionsPublicTokenResponseTest" time="0.0"/>
  <testcase name="requestIdTest()" classname="org.fuse.client.model.ExchangeFinancialConnectionsPublicTokenResponseTest" time="0.0"/>
  <testcase name="testExchangeFinancialConnectionsPublicTokenResponse()" classname="org.fuse.client.model.ExchangeFinancialConnectionsPublicTokenResponseTest" time="0.0"/>
  <system-out><![CDATA[]]></system-out>
  <system-err><![CDATA[]]></system-err>
</testsuite>
