<?xml version="1.0" encoding="UTF-8"?>
<testsuite name="org.fuse.client.model.GetInvestmentTransactionsRequestTest" tests="7" skipped="0" failures="0" errors="0" timestamp="2023-09-12T15:27:34" hostname="Adibs-MacBook-Pro-2.local" time="0.001">
  <properties/>
  <testcase name="accessTokenTest()" classname="org.fuse.client.model.GetInvestmentTransactionsRequestTest" time="0.0"/>
  <testcase name="recordsPerPageTest()" classname="org.fuse.client.model.GetInvestmentTransactionsRequestTest" time="0.0"/>
  <testcase name="optionsTest()" classname="org.fuse.client.model.GetInvestmentTransactionsRequestTest" time="0.0"/>
  <testcase name="endDateTest()" classname="org.fuse.client.model.GetInvestmentTransactionsRequestTest" time="0.0"/>
  <testcase name="pageTest()" classname="org.fuse.client.model.GetInvestmentTransactionsRequestTest" time="0.001"/>
  <testcase name="testGetInvestmentTransactionsRequest()" classname="org.fuse.client.model.GetInvestmentTransactionsRequestTest" time="0.0"/>
  <testcase name="startDateTest()" classname="org.fuse.client.model.GetInvestmentTransactionsRequestTest" time="0.0"/>
  <system-out><![CDATA[]]></system-out>
  <system-err><![CDATA[]]></system-err>
</testsuite>
