<?xml version="1.0" encoding="UTF-8"?>
<testsuite name="org.fuse.client.model.GetFinancialConnectionsOwnersResponseTest" tests="3" skipped="0" failures="0" errors="0" timestamp="2023-09-12T15:14:24" hostname="Mac-1694531526087.local" time="0.0">
  <properties/>
  <testcase name="testGetFinancialConnectionsOwnersResponse()" classname="org.fuse.client.model.GetFinancialConnectionsOwnersResponseTest" time="0.0"/>
  <testcase name="requestIdTest()" classname="org.fuse.client.model.GetFinancialConnectionsOwnersResponseTest" time="0.0"/>
  <testcase name="accountsTest()" classname="org.fuse.client.model.GetFinancialConnectionsOwnersResponseTest" time="0.0"/>
  <system-out><![CDATA[]]></system-out>
  <system-err><![CDATA[]]></system-err>
</testsuite>
