<?xml version="1.0" encoding="UTF-8"?>
<testsuite name="org.fuse.client.model.SyncTransactionsResponseTest" tests="7" skipped="0" failures="0" errors="0" timestamp="2023-09-12T14:49:06" hostname="Mac-1694529973771.local" time="0.003">
  <properties/>
  <testcase name="testSyncTransactionsResponse()" classname="org.fuse.client.model.SyncTransactionsResponseTest" time="0.001"/>
  <testcase name="nextCursorTest()" classname="org.fuse.client.model.SyncTransactionsResponseTest" time="0.0"/>
  <testcase name="modifiedTest()" classname="org.fuse.client.model.SyncTransactionsResponseTest" time="0.0"/>
  <testcase name="removedTest()" classname="org.fuse.client.model.SyncTransactionsResponseTest" time="0.001"/>
  <testcase name="hasNextTest()" classname="org.fuse.client.model.SyncTransactionsResponseTest" time="0.0"/>
  <testcase name="addedTest()" classname="org.fuse.client.model.SyncTransactionsResponseTest" time="0.0"/>
  <testcase name="requestIdTest()" classname="org.fuse.client.model.SyncTransactionsResponseTest" time="0.001"/>
  <system-out><![CDATA[]]></system-out>
  <system-err><![CDATA[]]></system-err>
</testsuite>
