<?xml version="1.0" encoding="UTF-8"?>
<testsuite name="org.fuse.client.model.CreateSessionRequestTest" tests="7" skipped="0" failures="0" errors="0" timestamp="2024-02-23T12:04:19" hostname="Mac-1708688289627.local" time="0.002">
  <properties/>
  <testcase name="entityTest()" classname="org.fuse.client.model.CreateSessionRequestTest" time="0.0"/>
  <testcase name="accessTokenTest()" classname="org.fuse.client.model.CreateSessionRequestTest" time="0.0"/>
  <testcase name="supportedFinancialInstitutionAggregatorsTest()" classname="org.fuse.client.model.CreateSessionRequestTest" time="0.0"/>
  <testcase name="testCreateSessionRequest()" classname="org.fuse.client.model.CreateSessionRequestTest" time="0.0"/>
  <testcase name="productsTest()" classname="org.fuse.client.model.CreateSessionRequestTest" time="0.0"/>
  <testcase name="isWebViewTest()" classname="org.fuse.client.model.CreateSessionRequestTest" time="0.0"/>
  <testcase name="countryCodesTest()" classname="org.fuse.client.model.CreateSessionRequestTest" time="0.001"/>
  <system-out><![CDATA[]]></system-out>
  <system-err><![CDATA[]]></system-err>
</testsuite>
