<?xml version="1.0" encoding="UTF-8"?>
<testsuite name="org.openapitools.client.model.RefreshAssetReportRequestTest" tests="4" skipped="0" failures="0" errors="0" timestamp="2023-09-10T13:19:50" hostname="Mac-1694351685470.local" time="0.004">
  <properties/>
  <testcase name="daysRequestedTest()" classname="org.openapitools.client.model.RefreshAssetReportRequestTest" time="0.001"/>
  <testcase name="assetReportTokenTest()" classname="org.openapitools.client.model.RefreshAssetReportRequestTest" time="0.001"/>
  <testcase name="testRefreshAssetReportRequest()" classname="org.openapitools.client.model.RefreshAssetReportRequestTest" time="0.001"/>
  <testcase name="accessTokenTest()" classname="org.openapitools.client.model.RefreshAssetReportRequestTest" time="0.001"/>
  <system-out><![CDATA[]]></system-out>
  <system-err><![CDATA[]]></system-err>
</testsuite>
