<?xml version="1.0" encoding="UTF-8"?>
<testsuite name="org.fuse.client.model.UpdatedBalanceEventTest" tests="6" skipped="0" failures="0" errors="0" timestamp="2024-02-23T12:04:19" hostname="Mac-1708688289627.local" time="0.006">
  <properties/>
  <testcase name="isoCurrencyCodeTest()" classname="org.fuse.client.model.UpdatedBalanceEventTest" time="0.0"/>
  <testcase name="testUpdatedBalanceEvent()" classname="org.fuse.client.model.UpdatedBalanceEventTest" time="0.0"/>
  <testcase name="currentTest()" classname="org.fuse.client.model.UpdatedBalanceEventTest" time="0.0"/>
  <testcase name="eventTypeTest()" classname="org.fuse.client.model.UpdatedBalanceEventTest" time="0.0"/>
  <testcase name="availableTest()" classname="org.fuse.client.model.UpdatedBalanceEventTest" time="0.001"/>
  <testcase name="timestampTest()" classname="org.fuse.client.model.UpdatedBalanceEventTest" time="0.0"/>
  <system-out><![CDATA[]]></system-out>
  <system-err><![CDATA[]]></system-err>
</testsuite>
