<?xml version="1.0" encoding="UTF-8"?>
<testsuite name="org.fuse.client.model.GetAssetReportRequestTest" tests="3" skipped="0" failures="0" errors="0" timestamp="2024-02-23T12:04:19" hostname="Mac-1708688289627.local" time="0.001">
  <properties/>
  <testcase name="assetReportTokenTest()" classname="org.fuse.client.model.GetAssetReportRequestTest" time="0.0"/>
  <testcase name="accessTokenTest()" classname="org.fuse.client.model.GetAssetReportRequestTest" time="0.0"/>
  <testcase name="testGetAssetReportRequest()" classname="org.fuse.client.model.GetAssetReportRequestTest" time="0.0"/>
  <system-out><![CDATA[]]></system-out>
  <system-err><![CDATA[]]></system-err>
</testsuite>
