<?xml version="1.0" encoding="UTF-8"?>
<testsuite name="org.openapitools.client.model.CreateSessionResponseTest" tests="4" skipped="0" failures="0" errors="0" timestamp="2023-09-10T13:26:45" hostname="Mac-1694350014854.local" time="0.003">
  <properties/>
  <testcase name="testCreateSessionResponse()" classname="org.openapitools.client.model.CreateSessionResponseTest" time="0.0"/>
  <testcase name="clientSecretTest()" classname="org.openapitools.client.model.CreateSessionResponseTest" time="0.0"/>
  <testcase name="expirationTest()" classname="org.openapitools.client.model.CreateSessionResponseTest" time="0.0"/>
  <testcase name="requestIdTest()" classname="org.openapitools.client.model.CreateSessionResponseTest" time="0.001"/>
  <system-out><![CDATA[]]></system-out>
  <system-err><![CDATA[]]></system-err>
</testsuite>
