<?xml version="1.0" encoding="UTF-8"?>
<testsuite name="org.fuse.client.model.FinancialConnectionsHoldingTest" tests="7" skipped="0" failures="0" errors="0" timestamp="2023-09-12T15:27:34" hostname="Adibs-MacBook-Pro-2.local" time="0.001">
  <properties/>
  <testcase name="testFinancialConnectionsHolding()" classname="org.fuse.client.model.FinancialConnectionsHoldingTest" time="0.0"/>
  <testcase name="valueTest()" classname="org.fuse.client.model.FinancialConnectionsHoldingTest" time="0.0"/>
  <testcase name="remoteAccountIdTest()" classname="org.fuse.client.model.FinancialConnectionsHoldingTest" time="0.0"/>
  <testcase name="securityTest()" classname="org.fuse.client.model.FinancialConnectionsHoldingTest" time="0.0"/>
  <testcase name="costBasisTest()" classname="org.fuse.client.model.FinancialConnectionsHoldingTest" time="0.0"/>
  <testcase name="quantityTest()" classname="org.fuse.client.model.FinancialConnectionsHoldingTest" time="0.0"/>
  <testcase name="institutionPriceTest()" classname="org.fuse.client.model.FinancialConnectionsHoldingTest" time="0.0"/>
  <system-out><![CDATA[]]></system-out>
  <system-err><![CDATA[]]></system-err>
</testsuite>
