<?xml version="1.0" encoding="UTF-8"?>
<testsuite name="org.openapitools.client.model.WebhookEventTest" tests="10" skipped="0" failures="0" errors="0" timestamp="2023-09-10T13:26:46" hostname="Mac-1694350014854.local" time="0.003">
  <properties/>
  <testcase name="assetReportIdTest()" classname="org.openapitools.client.model.WebhookEventTest" time="0.0"/>
  <testcase name="verificationTokenTest()" classname="org.openapitools.client.model.WebhookEventTest" time="0.0"/>
  <testcase name="financialConnectionIdTest()" classname="org.openapitools.client.model.WebhookEventTest" time="0.001"/>
  <testcase name="sourceTest()" classname="org.openapitools.client.model.WebhookEventTest" time="0.0"/>
  <testcase name="typeTest()" classname="org.openapitools.client.model.WebhookEventTest" time="0.0"/>
  <testcase name="testWebhookEvent()" classname="org.openapitools.client.model.WebhookEventTest" time="0.001"/>
  <testcase name="remoteDataTest()" classname="org.openapitools.client.model.WebhookEventTest" time="0.0"/>
  <testcase name="historicalTransactionsAvailableTest()" classname="org.openapitools.client.model.WebhookEventTest" time="0.0"/>
  <testcase name="environmentTest()" classname="org.openapitools.client.model.WebhookEventTest" time="0.001"/>
  <testcase name="removedTransactionIdsTest()" classname="org.openapitools.client.model.WebhookEventTest" time="0.0"/>
  <system-out><![CDATA[]]></system-out>
  <system-err><![CDATA[]]></system-err>
</testsuite>
