<?xml version="1.0" encoding="UTF-8"?>
<testsuite name="org.openapitools.client.model.CreateLinkTokenRequestTellerConfigAccountFilterTest" tests="3" skipped="0" failures="0" errors="0" timestamp="2023-09-10T13:19:51" hostname="Mac-1694351685470.local" time="0.003">
  <properties/>
  <testcase name="depositoryTest()" classname="org.openapitools.client.model.CreateLinkTokenRequestTellerConfigAccountFilterTest" time="0.002"/>
  <testcase name="creditTest()" classname="org.openapitools.client.model.CreateLinkTokenRequestTellerConfigAccountFilterTest" time="0.001"/>
  <testcase name="testCreateLinkTokenRequestTellerConfigAccountFilter()" classname="org.openapitools.client.model.CreateLinkTokenRequestTellerConfigAccountFilterTest" time="0.0"/>
  <system-out><![CDATA[]]></system-out>
  <system-err><![CDATA[]]></system-err>
</testsuite>
