<?xml version="1.0" encoding="UTF-8"?>
<testsuite name="org.fuse.client.model.UpdateEntityRequestTest" tests="4" skipped="0" failures="0" errors="0" timestamp="2023-09-12T15:14:23" hostname="Mac-1694531526087.local" time="0.004">
  <properties/>
  <testcase name="testUpdateEntityRequest()" classname="org.fuse.client.model.UpdateEntityRequestTest" time="0.0"/>
  <testcase name="institutionIdsTest()" classname="org.fuse.client.model.UpdateEntityRequestTest" time="0.0"/>
  <testcase name="aggregatorsTest()" classname="org.fuse.client.model.UpdateEntityRequestTest" time="0.0"/>
  <testcase name="emailTest()" classname="org.fuse.client.model.UpdateEntityRequestTest" time="0.0"/>
  <system-out><![CDATA[]]></system-out>
  <system-err><![CDATA[]]></system-err>
</testsuite>
