<?xml version="1.0" encoding="UTF-8"?>
<testsuite name="org.openapitools.client.model.AssetReportTest" tests="6" skipped="0" failures="0" errors="0" timestamp="2023-09-10T13:19:51" hostname="Mac-1694351685470.local" time="0.003">
  <properties/>
  <testcase name="daysRequestedTest()" classname="org.openapitools.client.model.AssetReportTest" time="0.001"/>
  <testcase name="assetReportIdTest()" classname="org.openapitools.client.model.AssetReportTest" time="0.0"/>
  <testcase name="assetReportTokenTest()" classname="org.openapitools.client.model.AssetReportTest" time="0.001"/>
  <testcase name="testAssetReport()" classname="org.openapitools.client.model.AssetReportTest" time="0.0"/>
  <testcase name="accountsTest()" classname="org.openapitools.client.model.AssetReportTest" time="0.0"/>
  <testcase name="dateGeneratedTest()" classname="org.openapitools.client.model.AssetReportTest" time="0.0"/>
  <system-out><![CDATA[]]></system-out>
  <system-err><![CDATA[]]></system-err>
</testsuite>
