<?xml version="1.0" encoding="UTF-8"?>
<testsuite name="org.openapitools.client.model.FinanceScoreTest" tests="8" skipped="0" failures="0" errors="0" timestamp="2023-09-10T13:26:46" hostname="Mac-1694350014854.local" time="0.002">
  <properties/>
  <testcase name="activityAgeScoreTest()" classname="org.openapitools.client.model.FinanceScoreTest" time="0.0"/>
  <testcase name="valueTest()" classname="org.openapitools.client.model.FinanceScoreTest" time="0.0"/>
  <testcase name="expenseStabilityScoreTest()" classname="org.openapitools.client.model.FinanceScoreTest" time="0.0"/>
  <testcase name="loanPaymentsScoreTest()" classname="org.openapitools.client.model.FinanceScoreTest" time="0.0"/>
  <testcase name="repaymentsScoreTest()" classname="org.openapitools.client.model.FinanceScoreTest" time="0.0"/>
  <testcase name="incomeScoreTest()" classname="org.openapitools.client.model.FinanceScoreTest" time="0.0"/>
  <testcase name="savingsScoreTest()" classname="org.openapitools.client.model.FinanceScoreTest" time="0.0"/>
  <testcase name="testFinanceScore()" classname="org.openapitools.client.model.FinanceScoreTest" time="0.0"/>
  <system-out><![CDATA[]]></system-out>
  <system-err><![CDATA[]]></system-err>
</testsuite>
