<?xml version="1.0" encoding="UTF-8"?>
<testsuite name="org.fuse.client.model.SelectFinancialInstitutionsRequestTest" tests="3" skipped="0" failures="0" errors="0" timestamp="2024-02-23T12:04:19" hostname="Mac-1708688289627.local" time="0.014">
  <properties/>
  <testcase name="financialInstitutionIdTest()" classname="org.fuse.client.model.SelectFinancialInstitutionsRequestTest" time="0.0"/>
  <testcase name="sessionClientSecretTest()" classname="org.fuse.client.model.SelectFinancialInstitutionsRequestTest" time="0.001"/>
  <testcase name="testSelectFinancialInstitutionsRequest()" classname="org.fuse.client.model.SelectFinancialInstitutionsRequestTest" time="0.006"/>
  <system-out><![CDATA[]]></system-out>
  <system-err><![CDATA[]]></system-err>
</testsuite>
