<?xml version="1.0" encoding="UTF-8"?>
<testsuite name="org.openapitools.client.model.ExchangeFinancialConnectionsPublicTokenRequestTest" tests="2" skipped="0" failures="0" errors="0" timestamp="2023-09-10T13:19:50" hostname="Mac-1694351685470.local" time="0.002">
  <properties/>
  <testcase name="publicTokenTest()" classname="org.openapitools.client.model.ExchangeFinancialConnectionsPublicTokenRequestTest" time="0.001"/>
  <testcase name="testExchangeFinancialConnectionsPublicTokenRequest()" classname="org.openapitools.client.model.ExchangeFinancialConnectionsPublicTokenRequestTest" time="0.001"/>
  <system-out><![CDATA[]]></system-out>
  <system-err><![CDATA[]]></system-err>
</testsuite>
