<?xml version="1.0" encoding="UTF-8"?>
<testsuite name="org.fuse.client.model.AssetReportTransactionTest" tests="11" skipped="0" failures="0" errors="0" timestamp="2023-09-12T15:14:23" hostname="Mac-1694531526087.local" time="0.027">
  <properties/>
  <testcase name="testAssetReportTransaction()" classname="org.fuse.client.model.AssetReportTransactionTest" time="0.002"/>
  <testcase name="amountTest()" classname="org.fuse.client.model.AssetReportTransactionTest" time="0.0"/>
  <testcase name="isoCurrencyCodeTest()" classname="org.fuse.client.model.AssetReportTransactionTest" time="0.002"/>
  <testcase name="remoteIdTest()" classname="org.fuse.client.model.AssetReportTransactionTest" time="0.0"/>
  <testcase name="remoteAccountIdTest()" classname="org.fuse.client.model.AssetReportTransactionTest" time="0.002"/>
  <testcase name="statusTest()" classname="org.fuse.client.model.AssetReportTransactionTest" time="0.001"/>
  <testcase name="categoryTest()" classname="org.fuse.client.model.AssetReportTransactionTest" time="0.001"/>
  <testcase name="remoteDataTest()" classname="org.fuse.client.model.AssetReportTransactionTest" time="0.001"/>
  <testcase name="merchantTest()" classname="org.fuse.client.model.AssetReportTransactionTest" time="0.001"/>
  <testcase name="descriptionTest()" classname="org.fuse.client.model.AssetReportTransactionTest" time="0.001"/>
  <testcase name="dateTest()" classname="org.fuse.client.model.AssetReportTransactionTest" time="0.001"/>
  <system-out><![CDATA[]]></system-out>
  <system-err><![CDATA[]]></system-err>
</testsuite>
