<?xml version="1.0" encoding="UTF-8"?>
<testsuite name="org.fuse.client.model.FinancialConnectionDetailsFinicityTest" tests="3" skipped="0" failures="0" errors="0" timestamp="2024-02-23T12:04:19" hostname="Mac-1708688289627.local" time="0.0">
  <properties/>
  <testcase name="institutionLoginIdTest()" classname="org.fuse.client.model.FinancialConnectionDetailsFinicityTest" time="0.0"/>
  <testcase name="testFinancialConnectionDetailsFinicity()" classname="org.fuse.client.model.FinancialConnectionDetailsFinicityTest" time="0.0"/>
  <testcase name="customerIdTest()" classname="org.fuse.client.model.FinancialConnectionDetailsFinicityTest" time="0.0"/>
  <system-out><![CDATA[]]></system-out>
  <system-err><![CDATA[]]></system-err>
</testsuite>
