<?xml version="1.0" encoding="UTF-8"?>
<testsuite name="org.fuse.client.model.FinancialInstitutionTest" tests="6" skipped="0" failures="0" errors="0" timestamp="2023-09-12T15:27:34" hostname="Adibs-MacBook-Pro-2.local" time="0.0">
  <properties/>
  <testcase name="websiteTest()" classname="org.fuse.client.model.FinancialInstitutionTest" time="0.0"/>
  <testcase name="idTest()" classname="org.fuse.client.model.FinancialInstitutionTest" time="0.0"/>
  <testcase name="testFinancialInstitution()" classname="org.fuse.client.model.FinancialInstitutionTest" time="0.0"/>
  <testcase name="countryCodesTest()" classname="org.fuse.client.model.FinancialInstitutionTest" time="0.0"/>
  <testcase name="nameTest()" classname="org.fuse.client.model.FinancialInstitutionTest" time="0.0"/>
  <testcase name="logoTest()" classname="org.fuse.client.model.FinancialInstitutionTest" time="0.0"/>
  <system-out><![CDATA[]]></system-out>
  <system-err><![CDATA[]]></system-err>
</testsuite>
