<?xml version="1.0" encoding="UTF-8"?>
<testsuite name="org.openapitools.client.model.UpdatedBalanceEventTest" tests="6" skipped="0" failures="0" errors="0" timestamp="2023-09-10T13:26:46" hostname="Mac-1694350014854.local" time="0.015">
  <properties/>
  <testcase name="isoCurrencyCodeTest()" classname="org.openapitools.client.model.UpdatedBalanceEventTest" time="0.011"/>
  <testcase name="testUpdatedBalanceEvent()" classname="org.openapitools.client.model.UpdatedBalanceEventTest" time="0.0"/>
  <testcase name="currentTest()" classname="org.openapitools.client.model.UpdatedBalanceEventTest" time="0.0"/>
  <testcase name="eventTypeTest()" classname="org.openapitools.client.model.UpdatedBalanceEventTest" time="0.0"/>
  <testcase name="availableTest()" classname="org.openapitools.client.model.UpdatedBalanceEventTest" time="0.001"/>
  <testcase name="timestampTest()" classname="org.openapitools.client.model.UpdatedBalanceEventTest" time="0.001"/>
  <system-out><![CDATA[]]></system-out>
  <system-err><![CDATA[]]></system-err>
</testsuite>
