<?xml version="1.0" encoding="UTF-8"?>
<testsuite name="org.openapitools.client.model.MigrateFinancialConnectionsTokenRequestEntityTest" tests="2" skipped="0" failures="0" errors="0" timestamp="2023-09-10T13:19:51" hostname="Mac-1694351685470.local" time="0.016">
  <properties/>
  <testcase name="idTest()" classname="org.openapitools.client.model.MigrateFinancialConnectionsTokenRequestEntityTest" time="0.0"/>
  <testcase name="testMigrateFinancialConnectionsTokenRequestEntity()" classname="org.openapitools.client.model.MigrateFinancialConnectionsTokenRequestEntityTest" time="0.0"/>
  <system-out><![CDATA[]]></system-out>
  <system-err><![CDATA[]]></system-err>
</testsuite>
