<?xml version="1.0" encoding="UTF-8"?>
<testsuite name="org.fuse.client.model.FinancialConnectionsOwnerAddressesInnerDataTest" tests="7" skipped="0" failures="0" errors="0" timestamp="2023-09-12T15:14:23" hostname="Mac-1694531526087.local" time="0.003">
  <properties/>
  <testcase name="regionTest()" classname="org.fuse.client.model.FinancialConnectionsOwnerAddressesInnerDataTest" time="0.0"/>
  <testcase name="countryTest()" classname="org.fuse.client.model.FinancialConnectionsOwnerAddressesInnerDataTest" time="0.001"/>
  <testcase name="cityTest()" classname="org.fuse.client.model.FinancialConnectionsOwnerAddressesInnerDataTest" time="0.0"/>
  <testcase name="streetTest()" classname="org.fuse.client.model.FinancialConnectionsOwnerAddressesInnerDataTest" time="0.0"/>
  <testcase name="fullAddressTest()" classname="org.fuse.client.model.FinancialConnectionsOwnerAddressesInnerDataTest" time="0.001"/>
  <testcase name="postalCodeTest()" classname="org.fuse.client.model.FinancialConnectionsOwnerAddressesInnerDataTest" time="0.0"/>
  <testcase name="testFinancialConnectionsOwnerAddressesInnerData()" classname="org.fuse.client.model.FinancialConnectionsOwnerAddressesInnerDataTest" time="0.001"/>
  <system-out><![CDATA[]]></system-out>
  <system-err><![CDATA[]]></system-err>
</testsuite>
