<?xml version="1.0" encoding="UTF-8"?>
<testsuite name="org.fuse.client.model.CreateAssetReportResponseTest" tests="4" skipped="0" failures="0" errors="0" timestamp="2023-09-12T14:49:06" hostname="Mac-1694529973771.local" time="0.003">
  <properties/>
  <testcase name="assetReportIdTest()" classname="org.fuse.client.model.CreateAssetReportResponseTest" time="0.0"/>
  <testcase name="assetReportTokenTest()" classname="org.fuse.client.model.CreateAssetReportResponseTest" time="0.001"/>
  <testcase name="testCreateAssetReportResponse()" classname="org.fuse.client.model.CreateAssetReportResponseTest" time="0.001"/>
  <testcase name="requestIdTest()" classname="org.fuse.client.model.CreateAssetReportResponseTest" time="0.0"/>
  <system-out><![CDATA[]]></system-out>
  <system-err><![CDATA[]]></system-err>
</testsuite>
