<?xml version="1.0" encoding="UTF-8"?>
<testsuite name="org.fuse.client.model.GetEntityResponseTest" tests="7" skipped="0" failures="0" errors="0" timestamp="2024-02-23T12:04:19" hostname="Mac-1708688289627.local" time="0.001">
  <properties/>
  <testcase name="idTest()" classname="org.fuse.client.model.GetEntityResponseTest" time="0.0"/>
  <testcase name="financialConnectionsTest()" classname="org.fuse.client.model.GetEntityResponseTest" time="0.0"/>
  <testcase name="institutionIdsTest()" classname="org.fuse.client.model.GetEntityResponseTest" time="0.0"/>
  <testcase name="requestIdTest()" classname="org.fuse.client.model.GetEntityResponseTest" time="0.0"/>
  <testcase name="testGetEntityResponse()" classname="org.fuse.client.model.GetEntityResponseTest" time="0.0"/>
  <testcase name="aggregatorsTest()" classname="org.fuse.client.model.GetEntityResponseTest" time="0.0"/>
  <testcase name="emailTest()" classname="org.fuse.client.model.GetEntityResponseTest" time="0.0"/>
  <system-out><![CDATA[]]></system-out>
  <system-err><![CDATA[]]></system-err>
</testsuite>
