<?xml version="1.0" encoding="UTF-8"?>
<testsuite name="org.fuse.client.model.MigrateFinancialConnectionsAggregatorConnectionDataMxTest" tests="3" skipped="0" failures="0" errors="0" timestamp="2023-09-12T14:49:07" hostname="Mac-1694529973771.local" time="0.011">
  <properties/>
  <testcase name="userGuidTest()" classname="org.fuse.client.model.MigrateFinancialConnectionsAggregatorConnectionDataMxTest" time="0.0"/>
  <testcase name="memberGuidTest()" classname="org.fuse.client.model.MigrateFinancialConnectionsAggregatorConnectionDataMxTest" time="0.001"/>
  <testcase name="testMigrateFinancialConnectionsAggregatorConnectionDataMx()" classname="org.fuse.client.model.MigrateFinancialConnectionsAggregatorConnectionDataMxTest" time="0.0"/>
  <system-out><![CDATA[]]></system-out>
  <system-err><![CDATA[]]></system-err>
</testsuite>
