<?xml version="1.0" encoding="UTF-8"?>
<testsuite name="org.fuse.client.model.ExchangeFinancialConnectionsPublicTokenRequestTest" tests="2" skipped="0" failures="0" errors="0" timestamp="2023-09-12T14:49:05" hostname="Mac-1694529973771.local" time="0.001">
  <properties/>
  <testcase name="publicTokenTest()" classname="org.fuse.client.model.ExchangeFinancialConnectionsPublicTokenRequestTest" time="0.001"/>
  <testcase name="testExchangeFinancialConnectionsPublicTokenRequest()" classname="org.fuse.client.model.ExchangeFinancialConnectionsPublicTokenRequestTest" time="0.0"/>
  <system-out><![CDATA[]]></system-out>
  <system-err><![CDATA[]]></system-err>
</testsuite>
