<?xml version="1.0" encoding="UTF-8"?>
<testsuite name="org.fuse.client.model.EnrichedTransactionTest" tests="6" skipped="0" failures="0" errors="0" timestamp="2023-09-12T15:27:34" hostname="Adibs-MacBook-Pro-2.local" time="0.001">
  <properties/>
  <testcase name="idTest()" classname="org.fuse.client.model.EnrichedTransactionTest" time="0.0"/>
  <testcase name="merchantIdTest()" classname="org.fuse.client.model.EnrichedTransactionTest" time="0.0"/>
  <testcase name="testEnrichedTransaction()" classname="org.fuse.client.model.EnrichedTransactionTest" time="0.0"/>
  <testcase name="categoriesTest()" classname="org.fuse.client.model.EnrichedTransactionTest" time="0.0"/>
  <testcase name="merchantNameTest()" classname="org.fuse.client.model.EnrichedTransactionTest" time="0.0"/>
  <testcase name="logoTest()" classname="org.fuse.client.model.EnrichedTransactionTest" time="0.0"/>
  <system-out><![CDATA[]]></system-out>
  <system-err><![CDATA[]]></system-err>
</testsuite>
