<?xml version="1.0" encoding="UTF-8"?>
<testsuite name="org.openapitools.client.model.FinancialConnectionsOwnerEmailsInnerTest" tests="4" skipped="0" failures="0" errors="0" timestamp="2023-09-10T13:19:50" hostname="Mac-1694351685470.local" time="0.003">
  <properties/>
  <testcase name="primaryTest()" classname="org.openapitools.client.model.FinancialConnectionsOwnerEmailsInnerTest" time="0.001"/>
  <testcase name="typeTest()" classname="org.openapitools.client.model.FinancialConnectionsOwnerEmailsInnerTest" time="0.001"/>
  <testcase name="testFinancialConnectionsOwnerEmailsInner()" classname="org.openapitools.client.model.FinancialConnectionsOwnerEmailsInnerTest" time="0.0"/>
  <testcase name="dataTest()" classname="org.openapitools.client.model.FinancialConnectionsOwnerEmailsInnerTest" time="0.0"/>
  <system-out><![CDATA[]]></system-out>
  <system-err><![CDATA[]]></system-err>
</testsuite>
