<?xml version="1.0" encoding="UTF-8"?>
<testsuite name="org.fuse.client.model.CreateAssetReportRequestTest" tests="3" skipped="0" failures="0" errors="0" timestamp="2023-09-12T15:14:23" hostname="Mac-1694531526087.local" time="0.003">
  <properties/>
  <testcase name="daysRequestedTest()" classname="org.fuse.client.model.CreateAssetReportRequestTest" time="0.001"/>
  <testcase name="accessTokenTest()" classname="org.fuse.client.model.CreateAssetReportRequestTest" time="0.0"/>
  <testcase name="testCreateAssetReportRequest()" classname="org.fuse.client.model.CreateAssetReportRequestTest" time="0.002"/>
  <system-out><![CDATA[]]></system-out>
  <system-err><![CDATA[]]></system-err>
</testsuite>
