<?xml version="1.0" encoding="UTF-8"?>
<testsuite name="org.fuse.client.model.EvalConsumerRiskReportRequestTest" tests="4" skipped="0" failures="0" errors="0" timestamp="2024-02-23T12:04:19" hostname="Mac-1708688289627.local" time="0.001">
  <properties/>
  <testcase name="timeFrameTest()" classname="org.fuse.client.model.EvalConsumerRiskReportRequestTest" time="0.001"/>
  <testcase name="testEvalConsumerRiskReportRequest()" classname="org.fuse.client.model.EvalConsumerRiskReportRequestTest" time="0.0"/>
  <testcase name="eventsTest()" classname="org.fuse.client.model.EvalConsumerRiskReportRequestTest" time="0.0"/>
  <testcase name="windowSizeTest()" classname="org.fuse.client.model.EvalConsumerRiskReportRequestTest" time="0.0"/>
  <system-out><![CDATA[]]></system-out>
  <system-err><![CDATA[]]></system-err>
</testsuite>
