<?xml version="1.0" encoding="UTF-8"?>
<testsuite name="org.fuse.client.model.CreateLinkTokenRequestTest" tests="10" skipped="0" failures="0" errors="0" timestamp="2023-09-12T14:49:06" hostname="Mac-1694529973771.local" time="0.007">
  <properties/>
  <testcase name="webhookUrlTest()" classname="org.fuse.client.model.CreateLinkTokenRequestTest" time="0.0"/>
  <testcase name="entityTest()" classname="org.fuse.client.model.CreateLinkTokenRequestTest" time="0.0"/>
  <testcase name="mxTest()" classname="org.fuse.client.model.CreateLinkTokenRequestTest" time="0.001"/>
  <testcase name="institutionIdTest()" classname="org.fuse.client.model.CreateLinkTokenRequestTest" time="0.001"/>
  <testcase name="snaptradeTest()" classname="org.fuse.client.model.CreateLinkTokenRequestTest" time="0.0"/>
  <testcase name="sessionClientSecretTest()" classname="org.fuse.client.model.CreateLinkTokenRequestTest" time="0.0"/>
  <testcase name="tellerTest()" classname="org.fuse.client.model.CreateLinkTokenRequestTest" time="0.0"/>
  <testcase name="testCreateLinkTokenRequest()" classname="org.fuse.client.model.CreateLinkTokenRequestTest" time="0.0"/>
  <testcase name="plaidTest()" classname="org.fuse.client.model.CreateLinkTokenRequestTest" time="0.0"/>
  <testcase name="clientNameTest()" classname="org.fuse.client.model.CreateLinkTokenRequestTest" time="0.0"/>
  <system-out><![CDATA[]]></system-out>
  <system-err><![CDATA[]]></system-err>
</testsuite>
