<?xml version="1.0" encoding="UTF-8"?>
<testsuite name="org.fuse.client.model.GetFinancialConnectionsAccountDetailsResponseTest" tests="4" skipped="0" failures="0" errors="0" timestamp="2024-02-23T12:04:19" hostname="Mac-1708688289627.local" time="0.0">
  <properties/>
  <testcase name="testGetFinancialConnectionsAccountDetailsResponse()" classname="org.fuse.client.model.GetFinancialConnectionsAccountDetailsResponseTest" time="0.0"/>
  <testcase name="financialConnectionTest()" classname="org.fuse.client.model.GetFinancialConnectionsAccountDetailsResponseTest" time="0.0"/>
  <testcase name="accountDetailsTest()" classname="org.fuse.client.model.GetFinancialConnectionsAccountDetailsResponseTest" time="0.0"/>
  <testcase name="requestIdTest()" classname="org.fuse.client.model.GetFinancialConnectionsAccountDetailsResponseTest" time="0.0"/>
  <system-out><![CDATA[]]></system-out>
  <system-err><![CDATA[]]></system-err>
</testsuite>
