<?xml version="1.0" encoding="UTF-8"?>
<testsuite name="org.openapitools.client.model.SyncTransactionsResponseTest" tests="7" skipped="0" failures="0" errors="0" timestamp="2023-09-10T13:26:46" hostname="Mac-1694350014854.local" time="0.005">
  <properties/>
  <testcase name="testSyncTransactionsResponse()" classname="org.openapitools.client.model.SyncTransactionsResponseTest" time="0.002"/>
  <testcase name="nextCursorTest()" classname="org.openapitools.client.model.SyncTransactionsResponseTest" time="0.0"/>
  <testcase name="modifiedTest()" classname="org.openapitools.client.model.SyncTransactionsResponseTest" time="0.0"/>
  <testcase name="removedTest()" classname="org.openapitools.client.model.SyncTransactionsResponseTest" time="0.0"/>
  <testcase name="hasNextTest()" classname="org.openapitools.client.model.SyncTransactionsResponseTest" time="0.0"/>
  <testcase name="addedTest()" classname="org.openapitools.client.model.SyncTransactionsResponseTest" time="0.0"/>
  <testcase name="requestIdTest()" classname="org.openapitools.client.model.SyncTransactionsResponseTest" time="0.0"/>
  <system-out><![CDATA[]]></system-out>
  <system-err><![CDATA[]]></system-err>
</testsuite>
