<?xml version="1.0" encoding="UTF-8"?>
<testsuite name="org.openapitools.client.model.FinancialConnectionsHoldingTest" tests="7" skipped="0" failures="0" errors="0" timestamp="2023-09-10T13:26:46" hostname="Mac-1694350014854.local" time="0.009">
  <properties/>
  <testcase name="testFinancialConnectionsHolding()" classname="org.openapitools.client.model.FinancialConnectionsHoldingTest" time="0.0"/>
  <testcase name="valueTest()" classname="org.openapitools.client.model.FinancialConnectionsHoldingTest" time="0.007"/>
  <testcase name="remoteAccountIdTest()" classname="org.openapitools.client.model.FinancialConnectionsHoldingTest" time="0.001"/>
  <testcase name="securityTest()" classname="org.openapitools.client.model.FinancialConnectionsHoldingTest" time="0.0"/>
  <testcase name="costBasisTest()" classname="org.openapitools.client.model.FinancialConnectionsHoldingTest" time="0.0"/>
  <testcase name="quantityTest()" classname="org.openapitools.client.model.FinancialConnectionsHoldingTest" time="0.0"/>
  <testcase name="institutionPriceTest()" classname="org.openapitools.client.model.FinancialConnectionsHoldingTest" time="0.0"/>
  <system-out><![CDATA[]]></system-out>
  <system-err><![CDATA[]]></system-err>
</testsuite>
