<?xml version="1.0" encoding="UTF-8"?>
<testsuite name="org.openapitools.client.model.FinancialConnectionsAccountBalanceTest" tests="6" skipped="0" failures="0" errors="0" timestamp="2023-09-10T13:26:45" hostname="Mac-1694350014854.local" time="0.005">
  <properties/>
  <testcase name="lastUpdatedDateTest()" classname="org.openapitools.client.model.FinancialConnectionsAccountBalanceTest" time="0.001"/>
  <testcase name="isoCurrencyCodeTest()" classname="org.openapitools.client.model.FinancialConnectionsAccountBalanceTest" time="0.0"/>
  <testcase name="testFinancialConnectionsAccountBalance()" classname="org.openapitools.client.model.FinancialConnectionsAccountBalanceTest" time="0.0"/>
  <testcase name="remoteAccountIdTest()" classname="org.openapitools.client.model.FinancialConnectionsAccountBalanceTest" time="0.0"/>
  <testcase name="currentTest()" classname="org.openapitools.client.model.FinancialConnectionsAccountBalanceTest" time="0.0"/>
  <testcase name="availableTest()" classname="org.openapitools.client.model.FinancialConnectionsAccountBalanceTest" time="0.0"/>
  <system-out><![CDATA[]]></system-out>
  <system-err><![CDATA[]]></system-err>
</testsuite>
