<?xml version="1.0" encoding="UTF-8"?>
<testsuite name="org.fuse.client.model.CreateEntityRequestTest" tests="5" skipped="0" failures="0" errors="0" timestamp="2024-02-23T12:04:19" hostname="Mac-1708688289627.local" time="0.001">
  <properties/>
  <testcase name="idTest()" classname="org.fuse.client.model.CreateEntityRequestTest" time="0.0"/>
  <testcase name="institutionIdsTest()" classname="org.fuse.client.model.CreateEntityRequestTest" time="0.0"/>
  <testcase name="testCreateEntityRequest()" classname="org.fuse.client.model.CreateEntityRequestTest" time="0.0"/>
  <testcase name="aggregatorsTest()" classname="org.fuse.client.model.CreateEntityRequestTest" time="0.0"/>
  <testcase name="emailTest()" classname="org.fuse.client.model.CreateEntityRequestTest" time="0.0"/>
  <system-out><![CDATA[]]></system-out>
  <system-err><![CDATA[]]></system-err>
</testsuite>
