<?xml version="1.0" encoding="UTF-8"?>
<testsuite name="org.openapitools.client.model.EnrichTransactionsResponseTest" tests="2" skipped="0" failures="0" errors="0" timestamp="2023-09-10T13:26:46" hostname="Mac-1694350014854.local" time="0.006">
  <properties/>
  <testcase name="testEnrichTransactionsResponse()" classname="org.openapitools.client.model.EnrichTransactionsResponseTest" time="0.0"/>
  <testcase name="enrichedTransactionsTest()" classname="org.openapitools.client.model.EnrichTransactionsResponseTest" time="0.006"/>
  <system-out><![CDATA[]]></system-out>
  <system-err><![CDATA[]]></system-err>
</testsuite>
