<?xml version="1.0" encoding="UTF-8"?>
<testsuite name="org.openapitools.client.api.RiskReportApiTest" tests="2" skipped="2" failures="0" errors="0" timestamp="2023-09-10T13:26:46" hostname="Mac-1694350014854.local" time="0.0">
  <properties/>
  <testcase name="deleteConsumerRiskReportTest()" classname="org.openapitools.client.api.RiskReportApiTest" time="0.0">
    <skipped/>
  </testcase>
  <testcase name="getConsumerRiskReportCustomizationTest()" classname="org.openapitools.client.api.RiskReportApiTest" time="0.0">
    <skipped/>
  </testcase>
  <system-out><![CDATA[]]></system-out>
  <system-err><![CDATA[]]></system-err>
</testsuite>
