<?xml version="1.0" encoding="UTF-8"?>
<testsuite name="org.fuse.client.model.AssetReportAccountsInnerBalanceTest" tests="4" skipped="0" failures="0" errors="0" timestamp="2024-02-23T12:04:19" hostname="Mac-1708688289627.local" time="0.003">
  <properties/>
  <testcase name="testAssetReportAccountsInnerBalance()" classname="org.fuse.client.model.AssetReportAccountsInnerBalanceTest" time="0.0"/>
  <testcase name="isoCurrencyCodeTest()" classname="org.fuse.client.model.AssetReportAccountsInnerBalanceTest" time="0.0"/>
  <testcase name="currentTest()" classname="org.fuse.client.model.AssetReportAccountsInnerBalanceTest" time="0.0"/>
  <testcase name="availableTest()" classname="org.fuse.client.model.AssetReportAccountsInnerBalanceTest" time="0.003"/>
  <system-out><![CDATA[]]></system-out>
  <system-err><![CDATA[]]></system-err>
</testsuite>
