<?xml version="1.0" encoding="UTF-8"?>
<testsuite name="org.openapitools.client.model.TransactionToEnrichTest" tests="10" skipped="0" failures="0" errors="0" timestamp="2023-09-10T13:26:46" hostname="Mac-1694350014854.local" time="0.009">
  <properties/>
  <testcase name="amountTest()" classname="org.openapitools.client.model.TransactionToEnrichTest" time="0.0"/>
  <testcase name="testTransactionToEnrich()" classname="org.openapitools.client.model.TransactionToEnrichTest" time="0.0"/>
  <testcase name="idTest()" classname="org.openapitools.client.model.TransactionToEnrichTest" time="0.001"/>
  <testcase name="directionTest()" classname="org.openapitools.client.model.TransactionToEnrichTest" time="0.0"/>
  <testcase name="isoCurrencyCodeTest()" classname="org.openapitools.client.model.TransactionToEnrichTest" time="0.0"/>
  <testcase name="countryCodeTest()" classname="org.openapitools.client.model.TransactionToEnrichTest" time="0.0"/>
  <testcase name="mccTest()" classname="org.openapitools.client.model.TransactionToEnrichTest" time="0.0"/>
  <testcase name="descriptionTest()" classname="org.openapitools.client.model.TransactionToEnrichTest" time="0.0"/>
  <testcase name="ownerTypeTest()" classname="org.openapitools.client.model.TransactionToEnrichTest" time="0.0"/>
  <testcase name="dateTest()" classname="org.openapitools.client.model.TransactionToEnrichTest" time="0.0"/>
  <system-out><![CDATA[]]></system-out>
  <system-err><![CDATA[]]></system-err>
</testsuite>
