<?xml version="1.0" encoding="UTF-8"?>
<testsuite name="org.fuse.client.model.GetFinancialConnectionsAccountStatementResponseTest" tests="3" skipped="0" failures="0" errors="0" timestamp="2024-02-23T12:04:19" hostname="Mac-1708688289627.local" time="0.013">
  <properties/>
  <testcase name="testGetFinancialConnectionsAccountStatementResponse()" classname="org.fuse.client.model.GetFinancialConnectionsAccountStatementResponseTest" time="0.001"/>
  <testcase name="statementUrlTest()" classname="org.fuse.client.model.GetFinancialConnectionsAccountStatementResponseTest" time="0.001"/>
  <testcase name="requestIdTest()" classname="org.fuse.client.model.GetFinancialConnectionsAccountStatementResponseTest" time="0.003"/>
  <system-out><![CDATA[]]></system-out>
  <system-err><![CDATA[]]></system-err>
</testsuite>
