<?xml version="1.0" encoding="UTF-8"?>
<testsuite name="org.fuse.client.model.TransactionEventTypeTest" tests="1" skipped="0" failures="0" errors="0" timestamp="2023-09-12T15:14:23" hostname="Mac-1694531526087.local" time="0.0">
  <properties/>
  <testcase name="testTransactionEventType()" classname="org.fuse.client.model.TransactionEventTypeTest" time="0.0"/>
  <system-out><![CDATA[]]></system-out>
  <system-err><![CDATA[]]></system-err>
</testsuite>
