<?xml version="1.0" encoding="UTF-8"?>
<testsuite name="org.fuse.client.model.FinancialInstitutionLogoTest" tests="4" skipped="0" failures="0" errors="0" timestamp="2023-09-12T14:49:06" hostname="Mac-1694529973771.local" time="0.001">
  <properties/>
  <testcase name="imageTest()" classname="org.fuse.client.model.FinancialInstitutionLogoTest" time="0.0"/>
  <testcase name="typeTest()" classname="org.fuse.client.model.FinancialInstitutionLogoTest" time="0.001"/>
  <testcase name="formatTest()" classname="org.fuse.client.model.FinancialInstitutionLogoTest" time="0.0"/>
  <testcase name="testFinancialInstitutionLogo()" classname="org.fuse.client.model.FinancialInstitutionLogoTest" time="0.0"/>
  <system-out><![CDATA[]]></system-out>
  <system-err><![CDATA[]]></system-err>
</testsuite>
