<?xml version="1.0" encoding="UTF-8"?>
<testsuite name="org.fuse.client.model.FinancialConnectionDetailsTruelayerTest" tests="2" skipped="0" failures="0" errors="0" timestamp="2024-02-23T12:04:19" hostname="Mac-1708688289627.local" time="0.002">
  <properties/>
  <testcase name="accessTokenTest()" classname="org.fuse.client.model.FinancialConnectionDetailsTruelayerTest" time="0.001"/>
  <testcase name="testFinancialConnectionDetailsTruelayer()" classname="org.fuse.client.model.FinancialConnectionDetailsTruelayerTest" time="0.001"/>
  <system-out><![CDATA[]]></system-out>
  <system-err><![CDATA[]]></system-err>
</testsuite>
