<?xml version="1.0" encoding="UTF-8"?>
<testsuite name="org.openapitools.client.model.ConsumerRiskReportCustomizationTest" tests="6" skipped="0" failures="0" errors="0" timestamp="2023-09-10T13:19:51" hostname="Mac-1694351685470.local" time="0.001">
  <properties/>
  <testcase name="idTest()" classname="org.openapitools.client.model.ConsumerRiskReportCustomizationTest" time="0.0"/>
  <testcase name="riskToleranceTest()" classname="org.openapitools.client.model.ConsumerRiskReportCustomizationTest" time="0.0"/>
  <testcase name="testConsumerRiskReportCustomization()" classname="org.openapitools.client.model.ConsumerRiskReportCustomizationTest" time="0.001"/>
  <testcase name="maxLimitTest()" classname="org.openapitools.client.model.ConsumerRiskReportCustomizationTest" time="0.0"/>
  <testcase name="timeframeTest()" classname="org.openapitools.client.model.ConsumerRiskReportCustomizationTest" time="0.0"/>
  <testcase name="minLimitTest()" classname="org.openapitools.client.model.ConsumerRiskReportCustomizationTest" time="0.0"/>
  <system-out><![CDATA[]]></system-out>
  <system-err><![CDATA[]]></system-err>
</testsuite>
