<?xml version="1.0" encoding="UTF-8"?>
<testsuite name="org.openapitools.client.model.CreateEntityRequestTest" tests="5" skipped="0" failures="0" errors="0" timestamp="2023-09-10T13:26:45" hostname="Mac-1694350014854.local" time="0.005">
  <properties/>
  <testcase name="idTest()" classname="org.openapitools.client.model.CreateEntityRequestTest" time="0.001"/>
  <testcase name="institutionIdsTest()" classname="org.openapitools.client.model.CreateEntityRequestTest" time="0.001"/>
  <testcase name="testCreateEntityRequest()" classname="org.openapitools.client.model.CreateEntityRequestTest" time="0.0"/>
  <testcase name="aggregatorsTest()" classname="org.openapitools.client.model.CreateEntityRequestTest" time="0.0"/>
  <testcase name="emailTest()" classname="org.openapitools.client.model.CreateEntityRequestTest" time="0.0"/>
  <system-out><![CDATA[]]></system-out>
  <system-err><![CDATA[]]></system-err>
</testsuite>
