<?xml version="1.0" encoding="UTF-8"?>
<testsuite name="org.openapitools.client.model.AssetReportAccountsInnerTest" tests="5" skipped="0" failures="0" errors="0" timestamp="2023-09-10T13:19:51" hostname="Mac-1694351685470.local" time="0.001">
  <properties/>
  <testcase name="balanceTest()" classname="org.openapitools.client.model.AssetReportAccountsInnerTest" time="0.0"/>
  <testcase name="remoteIdTest()" classname="org.openapitools.client.model.AssetReportAccountsInnerTest" time="0.0"/>
  <testcase name="historicalBalancesTest()" classname="org.openapitools.client.model.AssetReportAccountsInnerTest" time="0.0"/>
  <testcase name="transactionsTest()" classname="org.openapitools.client.model.AssetReportAccountsInnerTest" time="0.0"/>
  <testcase name="testAssetReportAccountsInner()" classname="org.openapitools.client.model.AssetReportAccountsInnerTest" time="0.0"/>
  <system-out><![CDATA[]]></system-out>
  <system-err><![CDATA[]]></system-err>
</testsuite>
