<?xml version="1.0" encoding="UTF-8"?>
<testsuite name="org.openapitools.client.model.AssetReportAccountsInnerHistoricalBalancesInnerTest" tests="4" skipped="0" failures="0" errors="0" timestamp="2023-09-10T13:19:51" hostname="Mac-1694351685470.local" time="0.012">
  <properties/>
  <testcase name="isoCurrencyCodeTest()" classname="org.openapitools.client.model.AssetReportAccountsInnerHistoricalBalancesInnerTest" time="0.0"/>
  <testcase name="testAssetReportAccountsInnerHistoricalBalancesInner()" classname="org.openapitools.client.model.AssetReportAccountsInnerHistoricalBalancesInnerTest" time="0.001"/>
  <testcase name="currentTest()" classname="org.openapitools.client.model.AssetReportAccountsInnerHistoricalBalancesInnerTest" time="0.0"/>
  <testcase name="dateTest()" classname="org.openapitools.client.model.AssetReportAccountsInnerHistoricalBalancesInnerTest" time="0.0"/>
  <system-out><![CDATA[]]></system-out>
  <system-err><![CDATA[]]></system-err>
</testsuite>
