<?xml version="1.0" encoding="UTF-8"?>
<testsuite name="org.fuse.client.model.CreateConsumerRiskReportCustomizationRequestTest" tests="5" skipped="0" failures="0" errors="0" timestamp="2023-09-12T14:49:05" hostname="Mac-1694529973771.local" time="0.035">
  <properties/>
  <testcase name="testCreateConsumerRiskReportCustomizationRequest()" classname="org.fuse.client.model.CreateConsumerRiskReportCustomizationRequestTest" time="0.028"/>
  <testcase name="riskToleranceTest()" classname="org.fuse.client.model.CreateConsumerRiskReportCustomizationRequestTest" time="0.001"/>
  <testcase name="maxLimitTest()" classname="org.fuse.client.model.CreateConsumerRiskReportCustomizationRequestTest" time="0.001"/>
  <testcase name="timeframeTest()" classname="org.fuse.client.model.CreateConsumerRiskReportCustomizationRequestTest" time="0.0"/>
  <testcase name="minLimitTest()" classname="org.fuse.client.model.CreateConsumerRiskReportCustomizationRequestTest" time="0.0"/>
  <system-out><![CDATA[]]></system-out>
  <system-err><![CDATA[]]></system-err>
</testsuite>
