<?xml version="1.0" encoding="UTF-8"?>
<testsuite name="org.openapitools.client.model.TransactionCategoryPrimaryTest" tests="1" skipped="0" failures="0" errors="0" timestamp="2023-09-10T13:26:45" hostname="Mac-1694350014854.local" time="0.0">
  <properties/>
  <testcase name="testTransactionCategoryPrimary()" classname="org.openapitools.client.model.TransactionCategoryPrimaryTest" time="0.0"/>
  <system-out><![CDATA[]]></system-out>
  <system-err><![CDATA[]]></system-err>
</testsuite>
