<?xml version="1.0" encoding="UTF-8"?>
<testsuite name="org.fuse.client.model.FinancialConnectionDetailsAkoyaTest" tests="4" skipped="0" failures="0" errors="0" timestamp="2023-09-12T15:27:34" hostname="Adibs-MacBook-Pro-2.local" time="0.0">
  <properties/>
  <testcase name="refreshTokenTest()" classname="org.fuse.client.model.FinancialConnectionDetailsAkoyaTest" time="0.0"/>
  <testcase name="idTokenTest()" classname="org.fuse.client.model.FinancialConnectionDetailsAkoyaTest" time="0.0"/>
  <testcase name="expiresAtTest()" classname="org.fuse.client.model.FinancialConnectionDetailsAkoyaTest" time="0.0"/>
  <testcase name="testFinancialConnectionDetailsAkoya()" classname="org.fuse.client.model.FinancialConnectionDetailsAkoyaTest" time="0.0"/>
  <system-out><![CDATA[]]></system-out>
  <system-err><![CDATA[]]></system-err>
</testsuite>
