<?xml version="1.0" encoding="UTF-8"?>
<testsuite name="org.fuse.client.model.FinancialConnectionsAccountDetailsAccountNumberTest" tests="7" skipped="0" failures="0" errors="0" timestamp="2024-02-23T12:04:19" hostname="Mac-1708688289627.local" time="0.001">
  <properties/>
  <testcase name="ibanTest()" classname="org.fuse.client.model.FinancialConnectionsAccountDetailsAccountNumberTest" time="0.0"/>
  <testcase name="sortCodeTest()" classname="org.fuse.client.model.FinancialConnectionsAccountDetailsAccountNumberTest" time="0.0"/>
  <testcase name="numberTest()" classname="org.fuse.client.model.FinancialConnectionsAccountDetailsAccountNumberTest" time="0.0"/>
  <testcase name="testFinancialConnectionsAccountDetailsAccountNumber()" classname="org.fuse.client.model.FinancialConnectionsAccountDetailsAccountNumberTest" time="0.0"/>
  <testcase name="bicTest()" classname="org.fuse.client.model.FinancialConnectionsAccountDetailsAccountNumberTest" time="0.0"/>
  <testcase name="bsbTest()" classname="org.fuse.client.model.FinancialConnectionsAccountDetailsAccountNumberTest" time="0.0"/>
  <testcase name="swiftBicTest()" classname="org.fuse.client.model.FinancialConnectionsAccountDetailsAccountNumberTest" time="0.0"/>
  <system-out><![CDATA[]]></system-out>
  <system-err><![CDATA[]]></system-err>
</testsuite>
