<?xml version="1.0" encoding="UTF-8"?>
<testsuite name="org.fuse.client.model.ConsumerRiskReportTest" tests="10" skipped="0" failures="0" errors="0" timestamp="2023-09-12T15:14:23" hostname="Mac-1694531526087.local" time="0.005">
  <properties/>
  <testcase name="customizationIdTest()" classname="org.fuse.client.model.ConsumerRiskReportTest" time="0.001"/>
  <testcase name="idTest()" classname="org.fuse.client.model.ConsumerRiskReportTest" time="0.0"/>
  <testcase name="isoCurrencyCodeTest()" classname="org.fuse.client.model.ConsumerRiskReportTest" time="0.0"/>
  <testcase name="currentSpendTest()" classname="org.fuse.client.model.ConsumerRiskReportTest" time="0.0"/>
  <testcase name="predictedBalanceTest()" classname="org.fuse.client.model.ConsumerRiskReportTest" time="0.0"/>
  <testcase name="pendingPaymentsAmountTest()" classname="org.fuse.client.model.ConsumerRiskReportTest" time="0.0"/>
  <testcase name="spendLimitTest()" classname="org.fuse.client.model.ConsumerRiskReportTest" time="0.0"/>
  <testcase name="lastUpdatedTest()" classname="org.fuse.client.model.ConsumerRiskReportTest" time="0.0"/>
  <testcase name="financeScoreTest()" classname="org.fuse.client.model.ConsumerRiskReportTest" time="0.0"/>
  <testcase name="testConsumerRiskReport()" classname="org.fuse.client.model.ConsumerRiskReportTest" time="0.0"/>
  <system-out><![CDATA[]]></system-out>
  <system-err><![CDATA[]]></system-err>
</testsuite>
