<?xml version="1.0" encoding="UTF-8"?>
<testsuite name="org.openapitools.client.model.FuseApiErrorTest" tests="8" skipped="0" failures="0" errors="0" timestamp="2023-09-10T13:19:50" hostname="Mac-1694351685470.local" time="0.005">
  <properties/>
  <testcase name="titleTest()" classname="org.openapitools.client.model.FuseApiErrorTest" time="0.0"/>
  <testcase name="detailsTest()" classname="org.openapitools.client.model.FuseApiErrorTest" time="0.0"/>
  <testcase name="sourceTest()" classname="org.openapitools.client.model.FuseApiErrorTest" time="0.001"/>
  <testcase name="codeTest()" classname="org.openapitools.client.model.FuseApiErrorTest" time="0.0"/>
  <testcase name="testFuseApiError()" classname="org.openapitools.client.model.FuseApiErrorTest" time="0.0"/>
  <testcase name="typeTest()" classname="org.openapitools.client.model.FuseApiErrorTest" time="0.001"/>
  <testcase name="requestIdTest()" classname="org.openapitools.client.model.FuseApiErrorTest" time="0.001"/>
  <testcase name="dataTest()" classname="org.openapitools.client.model.FuseApiErrorTest" time="0.0"/>
  <system-out><![CDATA[]]></system-out>
  <system-err><![CDATA[]]></system-err>
</testsuite>
