<?xml version="1.0" encoding="UTF-8"?>
<testsuite name="org.fuse.client.model.FinancialConnectionsOwnerAddressesInnerTest" tests="3" skipped="0" failures="0" errors="0" timestamp="2023-09-12T15:14:23" hostname="Mac-1694531526087.local" time="0.005">
  <properties/>
  <testcase name="testFinancialConnectionsOwnerAddressesInner()" classname="org.fuse.client.model.FinancialConnectionsOwnerAddressesInnerTest" time="0.001"/>
  <testcase name="primaryTest()" classname="org.fuse.client.model.FinancialConnectionsOwnerAddressesInnerTest" time="0.003"/>
  <testcase name="dataTest()" classname="org.fuse.client.model.FinancialConnectionsOwnerAddressesInnerTest" time="0.001"/>
  <system-out><![CDATA[]]></system-out>
  <system-err><![CDATA[]]></system-err>
</testsuite>
