<?xml version="1.0" encoding="UTF-8"?>
<testsuite name="org.openapitools.client.model.GetFinancialConnectionsAccountStatementResponseTest" tests="3" skipped="0" failures="0" errors="0" timestamp="2023-09-10T13:19:50" hostname="Mac-1694351685470.local" time="0.013">
  <properties/>
  <testcase name="testGetFinancialConnectionsAccountStatementResponse()" classname="org.openapitools.client.model.GetFinancialConnectionsAccountStatementResponseTest" time="0.0"/>
  <testcase name="statementUrlTest()" classname="org.openapitools.client.model.GetFinancialConnectionsAccountStatementResponseTest" time="0.001"/>
  <testcase name="requestIdTest()" classname="org.openapitools.client.model.GetFinancialConnectionsAccountStatementResponseTest" time="0.001"/>
  <system-out><![CDATA[]]></system-out>
  <system-err><![CDATA[]]></system-err>
</testsuite>
