<?xml version="1.0" encoding="UTF-8"?>
<testsuite name="org.fuse.client.model.MerchantTest" tests="4" skipped="0" failures="0" errors="0" timestamp="2023-09-12T14:49:05" hostname="Mac-1694529973771.local" time="0.009">
  <properties/>
  <testcase name="idTest()" classname="org.fuse.client.model.MerchantTest" time="0.001"/>
  <testcase name="testMerchant()" classname="org.fuse.client.model.MerchantTest" time="0.001"/>
  <testcase name="nameTest()" classname="org.fuse.client.model.MerchantTest" time="0.001"/>
  <testcase name="logoTest()" classname="org.fuse.client.model.MerchantTest" time="0.001"/>
  <system-out><![CDATA[]]></system-out>
  <system-err><![CDATA[]]></system-err>
</testsuite>
