<?xml version="1.0" encoding="UTF-8"?>
<testsuite name="org.fuse.client.model.TransactionToEnrichTest" tests="10" skipped="0" failures="0" errors="0" timestamp="2023-09-12T15:14:23" hostname="Mac-1694531526087.local" time="0.002">
  <properties/>
  <testcase name="amountTest()" classname="org.fuse.client.model.TransactionToEnrichTest" time="0.0"/>
  <testcase name="testTransactionToEnrich()" classname="org.fuse.client.model.TransactionToEnrichTest" time="0.0"/>
  <testcase name="idTest()" classname="org.fuse.client.model.TransactionToEnrichTest" time="0.0"/>
  <testcase name="directionTest()" classname="org.fuse.client.model.TransactionToEnrichTest" time="0.0"/>
  <testcase name="isoCurrencyCodeTest()" classname="org.fuse.client.model.TransactionToEnrichTest" time="0.0"/>
  <testcase name="countryCodeTest()" classname="org.fuse.client.model.TransactionToEnrichTest" time="0.0"/>
  <testcase name="mccTest()" classname="org.fuse.client.model.TransactionToEnrichTest" time="0.0"/>
  <testcase name="descriptionTest()" classname="org.fuse.client.model.TransactionToEnrichTest" time="0.0"/>
  <testcase name="ownerTypeTest()" classname="org.fuse.client.model.TransactionToEnrichTest" time="0.0"/>
  <testcase name="dateTest()" classname="org.fuse.client.model.TransactionToEnrichTest" time="0.0"/>
  <system-out><![CDATA[]]></system-out>
  <system-err><![CDATA[]]></system-err>
</testsuite>
