<?xml version="1.0" encoding="UTF-8"?>
<testsuite name="org.openapitools.client.model.FinancialConnectionsAccountDetailsAchTest" tests="5" skipped="0" failures="0" errors="0" timestamp="2023-09-10T13:26:46" hostname="Mac-1694350014854.local" time="0.001">
  <properties/>
  <testcase name="routingTest()" classname="org.openapitools.client.model.FinancialConnectionsAccountDetailsAchTest" time="0.0"/>
  <testcase name="wireRoutingTest()" classname="org.openapitools.client.model.FinancialConnectionsAccountDetailsAchTest" time="0.0"/>
  <testcase name="bacsRoutingTest()" classname="org.openapitools.client.model.FinancialConnectionsAccountDetailsAchTest" time="0.0"/>
  <testcase name="testFinancialConnectionsAccountDetailsAch()" classname="org.openapitools.client.model.FinancialConnectionsAccountDetailsAchTest" time="0.0"/>
  <testcase name="accountTest()" classname="org.openapitools.client.model.FinancialConnectionsAccountDetailsAchTest" time="0.0"/>
  <system-out><![CDATA[]]></system-out>
  <system-err><![CDATA[]]></system-err>
</testsuite>
