<?xml version="1.0" encoding="UTF-8"?>
<testsuite name="org.openapitools.client.model.GetFinancialConnectionsTransactionsResponseTest" tests="4" skipped="0" failures="0" errors="0" timestamp="2023-09-10T13:26:45" hostname="Mac-1694350014854.local" time="0.02">
  <properties/>
  <testcase name="totalTransactionsTest()" classname="org.openapitools.client.model.GetFinancialConnectionsTransactionsResponseTest" time="0.001"/>
  <testcase name="testGetFinancialConnectionsTransactionsResponse()" classname="org.openapitools.client.model.GetFinancialConnectionsTransactionsResponseTest" time="0.015"/>
  <testcase name="transactionsTest()" classname="org.openapitools.client.model.GetFinancialConnectionsTransactionsResponseTest" time="0.001"/>
  <testcase name="requestIdTest()" classname="org.openapitools.client.model.GetFinancialConnectionsTransactionsResponseTest" time="0.0"/>
  <system-out><![CDATA[]]></system-out>
  <system-err><![CDATA[]]></system-err>
</testsuite>
