<?xml version="1.0" encoding="UTF-8"?>
<testsuite name="org.openapitools.client.model.FuseApiAggregatorErrorTest" tests="7" skipped="0" failures="0" errors="0" timestamp="2023-09-10T13:26:46" hostname="Mac-1694350014854.local" time="0.002">
  <properties/>
  <testcase name="titleTest()" classname="org.openapitools.client.model.FuseApiAggregatorErrorTest" time="0.0"/>
  <testcase name="detailsTest()" classname="org.openapitools.client.model.FuseApiAggregatorErrorTest" time="0.001"/>
  <testcase name="codeTest()" classname="org.openapitools.client.model.FuseApiAggregatorErrorTest" time="0.0"/>
  <testcase name="typeTest()" classname="org.openapitools.client.model.FuseApiAggregatorErrorTest" time="0.0"/>
  <testcase name="requestIdTest()" classname="org.openapitools.client.model.FuseApiAggregatorErrorTest" time="0.001"/>
  <testcase name="pathTest()" classname="org.openapitools.client.model.FuseApiAggregatorErrorTest" time="0.0"/>
  <testcase name="testFuseApiAggregatorError()" classname="org.openapitools.client.model.FuseApiAggregatorErrorTest" time="0.0"/>
  <system-out><![CDATA[]]></system-out>
  <system-err><![CDATA[]]></system-err>
</testsuite>
