<?xml version="1.0" encoding="UTF-8"?>
<testsuite name="org.openapitools.client.model.GetFinanceScoreResponseTest" tests="3" skipped="0" failures="0" errors="0" timestamp="2023-09-10T13:19:51" hostname="Mac-1694351685470.local" time="0.006">
  <properties/>
  <testcase name="testGetFinanceScoreResponse()" classname="org.openapitools.client.model.GetFinanceScoreResponseTest" time="0.001"/>
  <testcase name="requestIdTest()" classname="org.openapitools.client.model.GetFinanceScoreResponseTest" time="0.0"/>
  <testcase name="financeScoreTest()" classname="org.openapitools.client.model.GetFinanceScoreResponseTest" time="0.001"/>
  <system-out><![CDATA[]]></system-out>
  <system-err><![CDATA[]]></system-err>
</testsuite>
