<?xml version="1.0" encoding="UTF-8"?>
<testsuite name="org.fuse.client.model.FinancialConnectionsAccountLiabilityTest" tests="18" skipped="0" failures="0" errors="0" timestamp="2023-09-12T14:49:06" hostname="Mac-1694529973771.local" time="0.034">
  <properties/>
  <testcase name="testFinancialConnectionsAccountLiability()" classname="org.fuse.client.model.FinancialConnectionsAccountLiabilityTest" time="0.0"/>
  <testcase name="institutionTest()" classname="org.fuse.client.model.FinancialConnectionsAccountLiabilityTest" time="0.001"/>
  <testcase name="nextPaymentDueDateTest()" classname="org.fuse.client.model.FinancialConnectionsAccountLiabilityTest" time="0.0"/>
  <testcase name="lastPaymentDateTest()" classname="org.fuse.client.model.FinancialConnectionsAccountLiabilityTest" time="0.0"/>
  <testcase name="originationPrincipalAmountTest()" classname="org.fuse.client.model.FinancialConnectionsAccountLiabilityTest" time="0.0"/>
  <testcase name="typeTest()" classname="org.fuse.client.model.FinancialConnectionsAccountLiabilityTest" time="0.0"/>
  <testcase name="lastPaymentAmountTest()" classname="org.fuse.client.model.FinancialConnectionsAccountLiabilityTest" time="0.0"/>
  <testcase name="balanceTest()" classname="org.fuse.client.model.FinancialConnectionsAccountLiabilityTest" time="0.001"/>
  <testcase name="remoteIdTest()" classname="org.fuse.client.model.FinancialConnectionsAccountLiabilityTest" time="0.0"/>
  <testcase name="interestRatePercentageTest()" classname="org.fuse.client.model.FinancialConnectionsAccountLiabilityTest" time="0.0"/>
  <testcase name="maskTest()" classname="org.fuse.client.model.FinancialConnectionsAccountLiabilityTest" time="0.001"/>
  <testcase name="fingerprintTest()" classname="org.fuse.client.model.FinancialConnectionsAccountLiabilityTest" time="0.0"/>
  <testcase name="subtypeTest()" classname="org.fuse.client.model.FinancialConnectionsAccountLiabilityTest" time="0.0"/>
  <testcase name="remoteDataTest()" classname="org.fuse.client.model.FinancialConnectionsAccountLiabilityTest" time="0.001"/>
  <testcase name="currencyTest()" classname="org.fuse.client.model.FinancialConnectionsAccountLiabilityTest" time="0.0"/>
  <testcase name="aprsTest()" classname="org.fuse.client.model.FinancialConnectionsAccountLiabilityTest" time="0.0"/>
  <testcase name="minimumPaymentAmountTest()" classname="org.fuse.client.model.FinancialConnectionsAccountLiabilityTest" time="0.022"/>
  <testcase name="nameTest()" classname="org.fuse.client.model.FinancialConnectionsAccountLiabilityTest" time="0.0"/>
  <system-out><![CDATA[]]></system-out>
  <system-err><![CDATA[]]></system-err>
</testsuite>
