<?xml version="1.0" encoding="UTF-8"?>
<testsuite name="org.openapitools.client.model.FinancialConnectionDetailsTest" tests="18" skipped="0" failures="0" errors="0" timestamp="2023-09-10T13:19:50" hostname="Mac-1694351685470.local" time="0.026">
  <properties/>
  <testcase name="truelayerTest()" classname="org.openapitools.client.model.FinancialConnectionDetailsTest" time="0.001"/>
  <testcase name="finicityTest()" classname="org.openapitools.client.model.FinancialConnectionDetailsTest" time="0.001"/>
  <testcase name="basiqTest()" classname="org.openapitools.client.model.FinancialConnectionDetailsTest" time="0.0"/>
  <testcase name="connectionStatusTest()" classname="org.openapitools.client.model.FinancialConnectionDetailsTest" time="0.0"/>
  <testcase name="idTest()" classname="org.openapitools.client.model.FinancialConnectionDetailsTest" time="0.001"/>
  <testcase name="mxTest()" classname="org.openapitools.client.model.FinancialConnectionDetailsTest" time="0.001"/>
  <testcase name="finverseTest()" classname="org.openapitools.client.model.FinancialConnectionDetailsTest" time="0.001"/>
  <testcase name="connectionStatusUpdatedAtTest()" classname="org.openapitools.client.model.FinancialConnectionDetailsTest" time="0.0"/>
  <testcase name="belvoTest()" classname="org.openapitools.client.model.FinancialConnectionDetailsTest" time="0.001"/>
  <testcase name="isOauthTest()" classname="org.openapitools.client.model.FinancialConnectionDetailsTest" time="0.001"/>
  <testcase name="snaptradeTest()" classname="org.openapitools.client.model.FinancialConnectionDetailsTest" time="0.0"/>
  <testcase name="monoTest()" classname="org.openapitools.client.model.FinancialConnectionDetailsTest" time="0.001"/>
  <testcase name="flinksTest()" classname="org.openapitools.client.model.FinancialConnectionDetailsTest" time="0.001"/>
  <testcase name="tellerTest()" classname="org.openapitools.client.model.FinancialConnectionDetailsTest" time="0.001"/>
  <testcase name="aggregatorTest()" classname="org.openapitools.client.model.FinancialConnectionDetailsTest" time="0.001"/>
  <testcase name="akoyaTest()" classname="org.openapitools.client.model.FinancialConnectionDetailsTest" time="0.0"/>
  <testcase name="testFinancialConnectionDetails()" classname="org.openapitools.client.model.FinancialConnectionDetailsTest" time="0.0"/>
  <testcase name="plaidTest()" classname="org.openapitools.client.model.FinancialConnectionDetailsTest" time="0.001"/>
  <system-out><![CDATA[]]></system-out>
  <system-err><![CDATA[]]></system-err>
</testsuite>
