<?xml version="1.0" encoding="UTF-8"?>
<testsuite name="org.fuse.client.model.FinancialConnectionsInvestmentTransactionTest" tests="14" skipped="0" failures="0" errors="0" timestamp="2023-09-12T14:49:06" hostname="Mac-1694529973771.local" time="0.019">
  <properties/>
  <testcase name="priceTest()" classname="org.fuse.client.model.FinancialConnectionsInvestmentTransactionTest" time="0.0"/>
  <testcase name="accountNameTest()" classname="org.fuse.client.model.FinancialConnectionsInvestmentTransactionTest" time="0.0"/>
  <testcase name="amountTest()" classname="org.fuse.client.model.FinancialConnectionsInvestmentTransactionTest" time="0.0"/>
  <testcase name="typeTest()" classname="org.fuse.client.model.FinancialConnectionsInvestmentTransactionTest" time="0.0"/>
  <testcase name="remoteIdTest()" classname="org.fuse.client.model.FinancialConnectionsInvestmentTransactionTest" time="0.0"/>
  <testcase name="feesTest()" classname="org.fuse.client.model.FinancialConnectionsInvestmentTransactionTest" time="0.0"/>
  <testcase name="remoteAccountIdTest()" classname="org.fuse.client.model.FinancialConnectionsInvestmentTransactionTest" time="0.0"/>
  <testcase name="subtypeTest()" classname="org.fuse.client.model.FinancialConnectionsInvestmentTransactionTest" time="0.013"/>
  <testcase name="securityTest()" classname="org.fuse.client.model.FinancialConnectionsInvestmentTransactionTest" time="0.0"/>
  <testcase name="descriptionTest()" classname="org.fuse.client.model.FinancialConnectionsInvestmentTransactionTest" time="0.001"/>
  <testcase name="currencyTest()" classname="org.fuse.client.model.FinancialConnectionsInvestmentTransactionTest" time="0.0"/>
  <testcase name="testFinancialConnectionsInvestmentTransaction()" classname="org.fuse.client.model.FinancialConnectionsInvestmentTransactionTest" time="0.001"/>
  <testcase name="quantityTest()" classname="org.fuse.client.model.FinancialConnectionsInvestmentTransactionTest" time="0.0"/>
  <testcase name="dateTest()" classname="org.fuse.client.model.FinancialConnectionsInvestmentTransactionTest" time="0.001"/>
  <system-out><![CDATA[]]></system-out>
  <system-err><![CDATA[]]></system-err>
</testsuite>
