<?xml version="1.0" encoding="UTF-8"?>
<testsuite name="org.openapitools.client.model.TransactionMerchantTest" tests="2" skipped="0" failures="0" errors="0" timestamp="2023-09-10T13:19:51" hostname="Mac-1694351685470.local" time="0.001">
  <properties/>
  <testcase name="testTransactionMerchant()" classname="org.openapitools.client.model.TransactionMerchantTest" time="0.0"/>
  <testcase name="nameTest()" classname="org.openapitools.client.model.TransactionMerchantTest" time="0.001"/>
  <system-out><![CDATA[]]></system-out>
  <system-err><![CDATA[]]></system-err>
</testsuite>
