<?xml version="1.0" encoding="UTF-8"?>
<testsuite name="org.fuse.client.model.CreateEntityResponseTest" tests="6" skipped="0" failures="0" errors="0" timestamp="2023-09-12T14:49:06" hostname="Mac-1694529973771.local" time="0.004">
  <properties/>
  <testcase name="idTest()" classname="org.fuse.client.model.CreateEntityResponseTest" time="0.0"/>
  <testcase name="institutionIdsTest()" classname="org.fuse.client.model.CreateEntityResponseTest" time="0.0"/>
  <testcase name="testCreateEntityResponse()" classname="org.fuse.client.model.CreateEntityResponseTest" time="0.001"/>
  <testcase name="requestIdTest()" classname="org.fuse.client.model.CreateEntityResponseTest" time="0.0"/>
  <testcase name="aggregatorsTest()" classname="org.fuse.client.model.CreateEntityResponseTest" time="0.001"/>
  <testcase name="emailTest()" classname="org.fuse.client.model.CreateEntityResponseTest" time="0.0"/>
  <system-out><![CDATA[]]></system-out>
  <system-err><![CDATA[]]></system-err>
</testsuite>
