<?xml version="1.0" encoding="UTF-8"?>
<testsuite name="org.openapitools.client.model.CreateLinkTokenRequestTellerConfigTest" tests="3" skipped="0" failures="0" errors="0" timestamp="2023-09-10T13:19:50" hostname="Mac-1694351685470.local" time="0.004">
  <properties/>
  <testcase name="selectAccountTest()" classname="org.openapitools.client.model.CreateLinkTokenRequestTellerConfigTest" time="0.0"/>
  <testcase name="testCreateLinkTokenRequestTellerConfig()" classname="org.openapitools.client.model.CreateLinkTokenRequestTellerConfigTest" time="0.003"/>
  <testcase name="accountFilterTest()" classname="org.openapitools.client.model.CreateLinkTokenRequestTellerConfigTest" time="0.001"/>
  <system-out><![CDATA[]]></system-out>
  <system-err><![CDATA[]]></system-err>
</testsuite>
