<?xml version="1.0" encoding="UTF-8"?>
<testsuite name="org.fuse.client.model.FinancialConnectionsOwnerAddressesInnerDataTest" tests="7" skipped="0" failures="0" errors="0" timestamp="2024-02-23T12:04:19" hostname="Mac-1708688289627.local" time="0.002">
  <properties/>
  <testcase name="regionTest()" classname="org.fuse.client.model.FinancialConnectionsOwnerAddressesInnerDataTest" time="0.0"/>
  <testcase name="countryTest()" classname="org.fuse.client.model.FinancialConnectionsOwnerAddressesInnerDataTest" time="0.0"/>
  <testcase name="cityTest()" classname="org.fuse.client.model.FinancialConnectionsOwnerAddressesInnerDataTest" time="0.0"/>
  <testcase name="streetTest()" classname="org.fuse.client.model.FinancialConnectionsOwnerAddressesInnerDataTest" time="0.0"/>
  <testcase name="fullAddressTest()" classname="org.fuse.client.model.FinancialConnectionsOwnerAddressesInnerDataTest" time="0.0"/>
  <testcase name="postalCodeTest()" classname="org.fuse.client.model.FinancialConnectionsOwnerAddressesInnerDataTest" time="0.0"/>
  <testcase name="testFinancialConnectionsOwnerAddressesInnerData()" classname="org.fuse.client.model.FinancialConnectionsOwnerAddressesInnerDataTest" time="0.0"/>
  <system-out><![CDATA[]]></system-out>
  <system-err><![CDATA[]]></system-err>
</testsuite>
