<?xml version="1.0" encoding="UTF-8"?>
<testsuite name="org.fuse.client.model.FinancialConnectionsOwnerTest" tests="5" skipped="0" failures="0" errors="0" timestamp="2024-02-23T12:04:19" hostname="Mac-1708688289627.local" time="0.001">
  <properties/>
  <testcase name="testFinancialConnectionsOwner()" classname="org.fuse.client.model.FinancialConnectionsOwnerTest" time="0.0"/>
  <testcase name="addressesTest()" classname="org.fuse.client.model.FinancialConnectionsOwnerTest" time="0.0"/>
  <testcase name="phoneNumbersTest()" classname="org.fuse.client.model.FinancialConnectionsOwnerTest" time="0.0"/>
  <testcase name="namesTest()" classname="org.fuse.client.model.FinancialConnectionsOwnerTest" time="0.0"/>
  <testcase name="emailsTest()" classname="org.fuse.client.model.FinancialConnectionsOwnerTest" time="0.001"/>
  <system-out><![CDATA[]]></system-out>
  <system-err><![CDATA[]]></system-err>
</testsuite>
