<?xml version="1.0" encoding="UTF-8"?>
<testsuite name="org.fuse.client.model.AssetReportResponseTest" tests="3" skipped="0" failures="0" errors="0" timestamp="2023-09-12T15:14:23" hostname="Mac-1694531526087.local" time="0.003">
  <properties/>
  <testcase name="testAssetReportResponse()" classname="org.fuse.client.model.AssetReportResponseTest" time="0.0"/>
  <testcase name="requestIdTest()" classname="org.fuse.client.model.AssetReportResponseTest" time="0.0"/>
  <testcase name="reportTest()" classname="org.fuse.client.model.AssetReportResponseTest" time="0.003"/>
  <system-out><![CDATA[]]></system-out>
  <system-err><![CDATA[]]></system-err>
</testsuite>
