<?xml version="1.0" encoding="UTF-8"?>
<testsuite name="org.fuse.client.model.FinancialConnectionsAccountTest" tests="11" skipped="0" failures="0" errors="0" timestamp="2023-09-12T15:14:23" hostname="Mac-1694531526087.local" time="0.006">
  <properties/>
  <testcase name="institutionTest()" classname="org.fuse.client.model.FinancialConnectionsAccountTest" time="0.0"/>
  <testcase name="typeTest()" classname="org.fuse.client.model.FinancialConnectionsAccountTest" time="0.0"/>
  <testcase name="balanceTest()" classname="org.fuse.client.model.FinancialConnectionsAccountTest" time="0.0"/>
  <testcase name="remoteIdTest()" classname="org.fuse.client.model.FinancialConnectionsAccountTest" time="0.001"/>
  <testcase name="testFinancialConnectionsAccount()" classname="org.fuse.client.model.FinancialConnectionsAccountTest" time="0.0"/>
  <testcase name="maskTest()" classname="org.fuse.client.model.FinancialConnectionsAccountTest" time="0.0"/>
  <testcase name="fingerprintTest()" classname="org.fuse.client.model.FinancialConnectionsAccountTest" time="0.0"/>
  <testcase name="subtypeTest()" classname="org.fuse.client.model.FinancialConnectionsAccountTest" time="0.0"/>
  <testcase name="remoteDataTest()" classname="org.fuse.client.model.FinancialConnectionsAccountTest" time="0.0"/>
  <testcase name="currencyTest()" classname="org.fuse.client.model.FinancialConnectionsAccountTest" time="0.0"/>
  <testcase name="nameTest()" classname="org.fuse.client.model.FinancialConnectionsAccountTest" time="0.001"/>
  <system-out><![CDATA[]]></system-out>
  <system-err><![CDATA[]]></system-err>
</testsuite>
