<?xml version="1.0" encoding="UTF-8"?>
<testsuite name="org.openapitools.client.model.AddAccountEventsRequestEventsInnerTest" tests="15" skipped="0" failures="0" errors="0" timestamp="2023-09-10T13:19:51" hostname="Mac-1694351685470.local" time="0.007">
  <properties/>
  <testcase name="transactionDescriptionTest()" classname="org.openapitools.client.model.AddAccountEventsRequestEventsInnerTest" time="0.0"/>
  <testcase name="amountTest()" classname="org.openapitools.client.model.AddAccountEventsRequestEventsInnerTest" time="0.0"/>
  <testcase name="idTest()" classname="org.openapitools.client.model.AddAccountEventsRequestEventsInnerTest" time="0.001"/>
  <testcase name="balanceTest()" classname="org.openapitools.client.model.AddAccountEventsRequestEventsInnerTest" time="0.001"/>
  <testcase name="isoCurrencyCodeTest()" classname="org.openapitools.client.model.AddAccountEventsRequestEventsInnerTest" time="0.0"/>
  <testcase name="statusTest()" classname="org.openapitools.client.model.AddAccountEventsRequestEventsInnerTest" time="0.0"/>
  <testcase name="transactionOwnerTypeTest()" classname="org.openapitools.client.model.AddAccountEventsRequestEventsInnerTest" time="0.0"/>
  <testcase name="currentTest()" classname="org.openapitools.client.model.AddAccountEventsRequestEventsInnerTest" time="0.0"/>
  <testcase name="countryCodeTest()" classname="org.openapitools.client.model.AddAccountEventsRequestEventsInnerTest" time="0.001"/>
  <testcase name="testAddAccountEventsRequestEventsInner()" classname="org.openapitools.client.model.AddAccountEventsRequestEventsInnerTest" time="0.0"/>
  <testcase name="eventTypeTest()" classname="org.openapitools.client.model.AddAccountEventsRequestEventsInnerTest" time="0.0"/>
  <testcase name="availableTest()" classname="org.openapitools.client.model.AddAccountEventsRequestEventsInnerTest" time="0.0"/>
  <testcase name="transactionTypeTest()" classname="org.openapitools.client.model.AddAccountEventsRequestEventsInnerTest" time="0.0"/>
  <testcase name="merchantNameTest()" classname="org.openapitools.client.model.AddAccountEventsRequestEventsInnerTest" time="0.001"/>
  <testcase name="timestampTest()" classname="org.openapitools.client.model.AddAccountEventsRequestEventsInnerTest" time="0.0"/>
  <system-out><![CDATA[]]></system-out>
  <system-err><![CDATA[]]></system-err>
</testsuite>
