<?xml version="1.0" encoding="UTF-8"?>
<testsuite name="org.fuse.client.model.ExternalTransactionEventTest" tests="13" skipped="0" failures="0" errors="0" timestamp="2023-09-12T15:27:34" hostname="Adibs-MacBook-Pro-2.local" time="0.001">
  <properties/>
  <testcase name="transactionDescriptionTest()" classname="org.fuse.client.model.ExternalTransactionEventTest" time="0.0"/>
  <testcase name="amountTest()" classname="org.fuse.client.model.ExternalTransactionEventTest" time="0.0"/>
  <testcase name="idTest()" classname="org.fuse.client.model.ExternalTransactionEventTest" time="0.0"/>
  <testcase name="balanceTest()" classname="org.fuse.client.model.ExternalTransactionEventTest" time="0.0"/>
  <testcase name="isoCurrencyCodeTest()" classname="org.fuse.client.model.ExternalTransactionEventTest" time="0.0"/>
  <testcase name="testExternalTransactionEvent()" classname="org.fuse.client.model.ExternalTransactionEventTest" time="0.0"/>
  <testcase name="statusTest()" classname="org.fuse.client.model.ExternalTransactionEventTest" time="0.0"/>
  <testcase name="transactionOwnerTypeTest()" classname="org.fuse.client.model.ExternalTransactionEventTest" time="0.0"/>
  <testcase name="countryCodeTest()" classname="org.fuse.client.model.ExternalTransactionEventTest" time="0.0"/>
  <testcase name="eventTypeTest()" classname="org.fuse.client.model.ExternalTransactionEventTest" time="0.0"/>
  <testcase name="transactionTypeTest()" classname="org.fuse.client.model.ExternalTransactionEventTest" time="0.001"/>
  <testcase name="merchantNameTest()" classname="org.fuse.client.model.ExternalTransactionEventTest" time="0.0"/>
  <testcase name="timestampTest()" classname="org.fuse.client.model.ExternalTransactionEventTest" time="0.0"/>
  <system-out><![CDATA[]]></system-out>
  <system-err><![CDATA[]]></system-err>
</testsuite>
