<?xml version="1.0" encoding="UTF-8"?>
<testsuite name="org.fuse.client.model.FinancialConnectionDetailsFlinksTest" tests="2" skipped="0" failures="0" errors="0" timestamp="2024-02-23T12:04:19" hostname="Mac-1708688289627.local" time="0.0">
  <properties/>
  <testcase name="testFinancialConnectionDetailsFlinks()" classname="org.fuse.client.model.FinancialConnectionDetailsFlinksTest" time="0.0"/>
  <testcase name="loginIdTest()" classname="org.fuse.client.model.FinancialConnectionDetailsFlinksTest" time="0.0"/>
  <system-out><![CDATA[]]></system-out>
  <system-err><![CDATA[]]></system-err>
</testsuite>
