<?xml version="1.0" encoding="UTF-8"?>
<testsuite name="org.openapitools.client.model.FinancialConnectionsAccountDetailsAccountNumberTest" tests="7" skipped="0" failures="0" errors="0" timestamp="2023-09-10T13:26:46" hostname="Mac-1694350014854.local" time="0.005">
  <properties/>
  <testcase name="ibanTest()" classname="org.openapitools.client.model.FinancialConnectionsAccountDetailsAccountNumberTest" time="0.0"/>
  <testcase name="sortCodeTest()" classname="org.openapitools.client.model.FinancialConnectionsAccountDetailsAccountNumberTest" time="0.001"/>
  <testcase name="numberTest()" classname="org.openapitools.client.model.FinancialConnectionsAccountDetailsAccountNumberTest" time="0.0"/>
  <testcase name="testFinancialConnectionsAccountDetailsAccountNumber()" classname="org.openapitools.client.model.FinancialConnectionsAccountDetailsAccountNumberTest" time="0.0"/>
  <testcase name="bicTest()" classname="org.openapitools.client.model.FinancialConnectionsAccountDetailsAccountNumberTest" time="0.0"/>
  <testcase name="bsbTest()" classname="org.openapitools.client.model.FinancialConnectionsAccountDetailsAccountNumberTest" time="0.0"/>
  <testcase name="swiftBicTest()" classname="org.openapitools.client.model.FinancialConnectionsAccountDetailsAccountNumberTest" time="0.003"/>
  <system-out><![CDATA[]]></system-out>
  <system-err><![CDATA[]]></system-err>
</testsuite>
