<?xml version="1.0" encoding="UTF-8"?>
<testsuite name="org.openapitools.client.model.CreateConsumerRiskReportCustomizationRequestTest" tests="5" skipped="0" failures="0" errors="0" timestamp="2023-09-10T13:19:50" hostname="Mac-1694351685470.local" time="0.02">
  <properties/>
  <testcase name="testCreateConsumerRiskReportCustomizationRequest()" classname="org.openapitools.client.model.CreateConsumerRiskReportCustomizationRequestTest" time="0.017"/>
  <testcase name="riskToleranceTest()" classname="org.openapitools.client.model.CreateConsumerRiskReportCustomizationRequestTest" time="0.001"/>
  <testcase name="maxLimitTest()" classname="org.openapitools.client.model.CreateConsumerRiskReportCustomizationRequestTest" time="0.0"/>
  <testcase name="timeframeTest()" classname="org.openapitools.client.model.CreateConsumerRiskReportCustomizationRequestTest" time="0.0"/>
  <testcase name="minLimitTest()" classname="org.openapitools.client.model.CreateConsumerRiskReportCustomizationRequestTest" time="0.001"/>
  <system-out><![CDATA[]]></system-out>
  <system-err><![CDATA[]]></system-err>
</testsuite>
