<?xml version="1.0" encoding="UTF-8"?>
<testsuite name="org.openapitools.client.model.CreateSessionResponseTest" tests="4" skipped="0" failures="0" errors="0" timestamp="2023-09-10T13:19:50" hostname="Mac-1694351685470.local" time="0.002">
  <properties/>
  <testcase name="testCreateSessionResponse()" classname="org.openapitools.client.model.CreateSessionResponseTest" time="0.001"/>
  <testcase name="clientSecretTest()" classname="org.openapitools.client.model.CreateSessionResponseTest" time="0.0"/>
  <testcase name="expirationTest()" classname="org.openapitools.client.model.CreateSessionResponseTest" time="0.0"/>
  <testcase name="requestIdTest()" classname="org.openapitools.client.model.CreateSessionResponseTest" time="0.0"/>
  <system-out><![CDATA[]]></system-out>
  <system-err><![CDATA[]]></system-err>
</testsuite>
