<?xml version="1.0" encoding="UTF-8"?>
<testsuite name="org.fuse.client.model.CreateLinkTokenRequestSnaptradeTest" tests="2" skipped="0" failures="0" errors="0" timestamp="2023-09-12T14:49:05" hostname="Mac-1694529973771.local" time="0.002">
  <properties/>
  <testcase name="testCreateLinkTokenRequestSnaptrade()" classname="org.fuse.client.model.CreateLinkTokenRequestSnaptradeTest" time="0.001"/>
  <testcase name="configTest()" classname="org.fuse.client.model.CreateLinkTokenRequestSnaptradeTest" time="0.001"/>
  <system-out><![CDATA[]]></system-out>
  <system-err><![CDATA[]]></system-err>
</testsuite>
