<?xml version="1.0" encoding="UTF-8"?>
<testsuite name="org.fuse.client.model.FuseApiAggregatorErrorTest" tests="7" skipped="0" failures="0" errors="0" timestamp="2023-09-12T14:49:06" hostname="Mac-1694529973771.local" time="0.009">
  <properties/>
  <testcase name="titleTest()" classname="org.fuse.client.model.FuseApiAggregatorErrorTest" time="0.001"/>
  <testcase name="detailsTest()" classname="org.fuse.client.model.FuseApiAggregatorErrorTest" time="0.0"/>
  <testcase name="codeTest()" classname="org.fuse.client.model.FuseApiAggregatorErrorTest" time="0.0"/>
  <testcase name="typeTest()" classname="org.fuse.client.model.FuseApiAggregatorErrorTest" time="0.0"/>
  <testcase name="requestIdTest()" classname="org.fuse.client.model.FuseApiAggregatorErrorTest" time="0.0"/>
  <testcase name="pathTest()" classname="org.fuse.client.model.FuseApiAggregatorErrorTest" time="0.0"/>
  <testcase name="testFuseApiAggregatorError()" classname="org.fuse.client.model.FuseApiAggregatorErrorTest" time="0.001"/>
  <system-out><![CDATA[]]></system-out>
  <system-err><![CDATA[]]></system-err>
</testsuite>
